🚀 cebpub 全历史高速爬虫
   目标是覆盖 2018-01 ~ 至今 全部分类
   并发: 20 线程 | 延迟: 0.08s | 每页延迟: 页面/PAGE_DELAY
   数据文件: /home/hermes/projects/bidding-site/data/bids-cebpub.json
   已有标讯: 0 条


[1/101] 已耗时 0.0min | 已新增 0

=======================================================
📅 2018-01-01 ~ 2018-01-31
=======================================================
  总页数: 500 页, 每页 ~20 条
  → 50/499 页 (10%) | 新增 1018 | 跳过 2
  → 100/499 页 (20%) | 新增 2018 | 跳过 2
  → 150/499 页 (30%) | 新增 3018 | 跳过 2
  → 200/499 页 (40%) | 新增 4018 | 跳过 2
  → 250/499 页 (50%) | 新增 5011 | 跳过 9
  → 300/499 页 (60%) | 新增 5993 | 跳过 27
  → 350/499 页 (70%) | 新增 6993 | 跳过 27
  → 400/499 页 (80%) | 新增 7993 | 跳过 27
  → 450/499 页 (90%) | 新增 8986 | 跳过 34
  💾 已保存: 共 9944 条
  📊 完成: 新增 9944, 跳过 56, 扫描 500 页

[2/101] 已耗时 1.4min | 已新增 9944

=======================================================
📅 2018-02-01 ~ 2018-02-28
=======================================================
  总页数: 500 页, 每页 ~20 条
  → 50/499 页 (10%) | 新增 0 | 跳过 1000
  → 100/499 页 (20%) | 新增 0 | 跳过 2000
  → 150/499 页 (30%) | 新增 0 | 跳过 3000
  → 200/499 页 (40%) | 新增 0 | 跳过 4000
  → 250/499 页 (50%) | 新增 0 | 跳过 5000
  → 300/499 页 (60%) | 新增 0 | 跳过 6000
  → 350/499 页 (70%) | 新增 0 | 跳过 7000
  → 400/499 页 (80%) | 新增 0 | 跳过 8000
  → 450/499 页 (90%) | 新增 0 | 跳过 9000
  📊 完成: 新增 0, 跳过 9980, 扫描 500 页

[3/101] 已耗时 2.3min | 已新增 9944

=======================================================
📅 2018-03-01 ~ 2018-03-31
=======================================================
  总页数: 500 页, 每页 ~20 条
  → 50/499 页 (10%) | 新增 10 | 跳过 1000
  → 100/499 页 (20%) | 新增 10 | 跳过 2000
  → 150/499 页 (30%) | 新增 10 | 跳过 3000
  → 200/499 页 (40%) | 新增 10 | 跳过 4000
  → 250/499 页 (50%) | 新增 10 | 跳过 5000
  → 300/499 页 (60%) | 新增 10 | 跳过 6000
  → 350/499 页 (70%) | 新增 10 | 跳过 7000
  → 400/499 页 (80%) | 新增 10 | 跳过 8000
  → 450/499 页 (90%) | 新增 10 | 跳过 9000
  💾 已保存: 共 9954 条
  📊 完成: 新增 10, 跳过 9980, 扫描 500 页

📊 进度: 3/101 个月
   耗时: 2.9 min
   新增: 9,954 条
   速率: 204346 条/小时

[4/101] 已耗时 2.9min | 已新增 9954

=======================================================
📅 2018-04-01 ~ 2018-04-30
=======================================================
  总页数: 500 页, 每页 ~20 条
  → 50/499 页 (10%) | 新增 0 | 跳过 1000
  → 100/499 页 (20%) | 新增 0 | 跳过 2000
  → 150/499 页 (30%) | 新增 0 | 跳过 3000
  → 200/499 页 (40%) | 新增 0 | 跳过 4000
  → 250/499 页 (50%) | 新增 10 | 跳过 4990
  → 300/499 页 (60%) | 新增 21 | 跳过 5979
  → 350/499 页 (70%) | 新增 21 | 跳过 6979
  → 400/499 页 (80%) | 新增 21 | 跳过 7979
  → 450/499 页 (90%) | 新增 21 | 跳过 8979
  💾 已保存: 共 9975 条
  📊 完成: 新增 21, 跳过 9959, 扫描 500 页

[5/101] 已耗时 4.8min | 已新增 9975

=======================================================
📅 2018-05-01 ~ 2018-05-31
=======================================================
  总页数: 500 页, 每页 ~20 条
  → 50/499 页 (10%) | 新增 0 | 跳过 1000
  → 100/499 页 (20%) | 新增 0 | 跳过 2000
  → 150/499 页 (30%) | 新增 0 | 跳过 3000
  → 200/499 页 (40%) | 新增 0 | 跳过 4000
  → 250/499 页 (50%) | 新增 0 | 跳过 5000
  → 300/499 页 (60%) | 新增 0 | 跳过 6000
  → 350/499 页 (70%) | 新增 0 | 跳过 7000
  → 400/499 页 (80%) | 新增 0 | 跳过 8000
  → 450/499 页 (90%) | 新增 0 | 跳过 9000
  📊 完成: 新增 0, 跳过 9980, 扫描 500 页

[6/101] 已耗时 5.2min | 已新增 9975

=======================================================
📅 2018-06-01 ~ 2018-06-30
=======================================================
  总页数: 500 页, 每页 ~20 条
  → 50/499 页 (10%) | 新增 0 | 跳过 1000
  → 100/499 页 (20%) | 新增 0 | 跳过 2000
  → 150/499 页 (30%) | 新增 0 | 跳过 3000
  → 200/499 页 (40%) | 新增 0 | 跳过 4000
  → 250/499 页 (50%) | 新增 0 | 跳过 5000
  → 300/499 页 (60%) | 新增 0 | 跳过 6000
  → 350/499 页 (70%) | 新增 0 | 跳过 7000
  → 400/499 页 (80%) | 新增 0 | 跳过 8000
  → 450/499 页 (90%) | 新增 5 | 跳过 8995
  💾 已保存: 共 9984 条
  📊 完成: 新增 9, 跳过 9971, 扫描 500 页

📊 进度: 6/101 个月
   耗时: 6.2 min
   新增: 9,984 条
   速率: 96835 条/小时

[7/101] 已耗时 6.2min | 已新增 9984

=======================================================
📅 2018-07-01 ~ 2018-07-31
=======================================================
  总页数: 500 页, 每页 ~20 条
  → 50/499 页 (10%) | 新增 0 | 跳过 1000
  → 100/499 页 (20%) | 新增 0 | 跳过 2000
  → 150/499 页 (30%) | 新增 0 | 跳过 3000
  → 200/499 页 (40%) | 新增 0 | 跳过 4000
  → 250/499 页 (50%) | 新增 0 | 跳过 5000
  → 300/499 页 (60%) | 新增 0 | 跳过 6000
  → 350/499 页 (70%) | 新增 0 | 跳过 7000
  → 400/499 页 (80%) | 新增 0 | 跳过 8000
  → 450/499 页 (90%) | 新增 0 | 跳过 9000
  💾 已保存: 共 10000 条
  📊 完成: 新增 16, 跳过 9964, 扫描 500 页

[8/101] 已耗时 6.9min | 已新增 10000

=======================================================
📅 2018-08-01 ~ 2018-08-31
=======================================================
  总页数: 500 页, 每页 ~20 条
  → 50/499 页 (10%) | 新增 0 | 跳过 1000
  → 100/499 页 (20%) | 新增 0 | 跳过 2000
  → 150/499 页 (30%) | 新增 0 | 跳过 3000
  → 200/499 页 (40%) | 新增 0 | 跳过 4000
  → 250/499 页 (50%) | 新增 0 | 跳过 5000
  → 300/499 页 (60%) | 新增 0 | 跳过 6000
  → 350/499 页 (70%) | 新增 0 | 跳过 7000
  → 400/499 页 (80%) | 新增 0 | 跳过 8000
  → 450/499 页 (90%) | 新增 0 | 跳过 9000
  📊 完成: 新增 0, 跳过 9980, 扫描 500 页

[9/101] 已耗时 7.4min | 已新增 10000

=======================================================
📅 2018-09-01 ~ 2018-09-30
=======================================================
  总页数: 500 页, 每页 ~20 条
  → 50/499 页 (10%) | 新增 6 | 跳过 1000
  → 100/499 页 (20%) | 新增 6 | 跳过 2000
  → 150/499 页 (30%) | 新增 6 | 跳过 3000
  → 200/499 页 (40%) | 新增 6 | 跳过 4000
  → 250/499 页 (50%) | 新增 6 | 跳过 5000
  → 300/499 页 (60%) | 新增 6 | 跳过 6000
  → 350/499 页 (70%) | 新增 6 | 跳过 7000
  → 400/499 页 (80%) | 新增 6 | 跳过 8000
  → 450/499 页 (90%) | 新增 6 | 跳过 9000
  💾 已保存: 共 10006 条
  📊 完成: 新增 6, 跳过 9980, 扫描 500 页

📊 进度: 9/101 个月
   耗时: 7.9 min
   新增: 10,006 条
   速率: 75845 条/小时

[10/101] 已耗时 7.9min | 已新增 10006

=======================================================
📅 2018-10-01 ~ 2018-10-31
=======================================================
  总页数: 500 页, 每页 ~20 条
  → 50/499 页 (10%) | 新增 0 | 跳过 1000
  → 100/499 页 (20%) | 新增 0 | 跳过 2000
  → 150/499 页 (30%) | 新增 0 | 跳过 3000
  → 200/499 页 (40%) | 新增 0 | 跳过 4000
  → 250/499 页 (50%) | 新增 0 | 跳过 5000
  → 300/499 页 (60%) | 新增 0 | 跳过 6000
  → 350/499 页 (70%) | 新增 0 | 跳过 7000
  → 400/499 页 (80%) | 新增 0 | 跳过 8000
  → 450/499 页 (90%) | 新增 0 | 跳过 9000
  📊 完成: 新增 0, 跳过 9980, 扫描 500 页

[11/101] 已耗时 8.4min | 已新增 10006

=======================================================
📅 2018-11-01 ~ 2018-11-30
=======================================================
  总页数: 500 页, 每页 ~20 条
  → 50/499 页 (10%) | 新增 0 | 跳过 1000
  → 100/499 页 (20%) | 新增 0 | 跳过 2000
  → 150/499 页 (30%) | 新增 0 | 跳过 3000
  → 200/499 页 (40%) | 新增 0 | 跳过 4000
  → 250/499 页 (50%) | 新增 0 | 跳过 5000
  → 300/499 页 (60%) | 新增 0 | 跳过 6000
  → 350/499 页 (70%) | 新增 0 | 跳过 7000
  → 400/499 页 (80%) | 新增 0 | 跳过 8000
  → 450/499 页 (90%) | 新增 0 | 跳过 9000
  📊 完成: 新增 0, 跳过 9980, 扫描 500 页

[12/101] 已耗时 10.4min | 已新增 10006

=======================================================
📅 2018-12-01 ~ 2018-12-31
=======================================================
  总页数: 500 页, 每页 ~20 条
  → 50/499 页 (10%) | 新增 0 | 跳过 1000
  → 100/499 页 (20%) | 新增 0 | 跳过 2000
  → 150/499 页 (30%) | 新增 0 | 跳过 3000
  → 200/499 页 (40%) | 新增 0 | 跳过 4000
  → 250/499 页 (50%) | 新增 0 | 跳过 5000
  → 300/499 页 (60%) | 新增 0 | 跳过 6000
  → 350/499 页 (70%) | 新增 0 | 跳过 7000
  → 400/499 页 (80%) | 新增 0 | 跳过 8000
  → 450/499 页 (90%) | 新增 0 | 跳过 9000
  📊 完成: 新增 0, 跳过 9980, 扫描 500 页

📊 进度: 12/101 个月
   耗时: 11.6 min
   新增: 10,006 条
   速率: 51894 条/小时

[13/101] 已耗时 11.6min | 已新增 10006

=======================================================
📅 2019-01-01 ~ 2019-01-31
=======================================================
  总页数: 500 页, 每页 ~20 条
  → 50/499 页 (10%) | 新增 0 | 跳过 1000
  → 100/499 页 (20%) | 新增 0 | 跳过 2000
  → 150/499 页 (30%) | 新增 0 | 跳过 3000
  → 200/499 页 (40%) | 新增 0 | 跳过 4000
  → 250/499 页 (50%) | 新增 0 | 跳过 5000
  → 300/499 页 (60%) | 新增 0 | 跳过 6000
  → 350/499 页 (70%) | 新增 0 | 跳过 7000
  → 400/499 页 (80%) | 新增 0 | 跳过 8000
  → 450/499 页 (90%) | 新增 0 | 跳过 9000
  📊 完成: 新增 0, 跳过 9980, 扫描 500 页

[14/101] 已耗时 12.2min | 已新增 10006

=======================================================
📅 2019-02-01 ~ 2019-02-28
=======================================================
  总页数: 500 页, 每页 ~20 条
  → 50/499 页 (10%) | 新增 0 | 跳过 1000
  → 100/499 页 (20%) | 新增 0 | 跳过 2000
  → 150/499 页 (30%) | 新增 0 | 跳过 3000
  → 200/499 页 (40%) | 新增 0 | 跳过 4000
  → 250/499 页 (50%) | 新增 0 | 跳过 5000
  → 300/499 页 (60%) | 新增 0 | 跳过 6000
  → 350/499 页 (70%) | 新增 0 | 跳过 7000
  → 400/499 页 (80%) | 新增 0 | 跳过 8000
  → 450/499 页 (90%) | 新增 0 | 跳过 9000
  📊 完成: 新增 0, 跳过 9980, 扫描 500 页

[15/101] 已耗时 12.7min | 已新增 10006

=======================================================
📅 2019-03-01 ~ 2019-03-31
=======================================================
  总页数: 500 页, 每页 ~20 条
  → 50/499 页 (10%) | 新增 3 | 跳过 1000
  → 100/499 页 (20%) | 新增 3 | 跳过 2000
  → 150/499 页 (30%) | 新增 3 | 跳过 3000
  → 200/499 页 (40%) | 新增 3 | 跳过 4000
  → 250/499 页 (50%) | 新增 3 | 跳过 5000
  → 300/499 页 (60%) | 新增 3 | 跳过 6000
  → 350/499 页 (70%) | 新增 3 | 跳过 7000
  → 400/499 页 (80%) | 新增 3 | 跳过 8000
  → 450/499 页 (90%) | 新增 3 | 跳过 9000
  💾 已保存: 共 10009 条
  📊 完成: 新增 3, 跳过 9980, 扫描 500 页

📊 进度: 15/101 个月
   耗时: 13.1 min
   新增: 10,009 条
   速率: 45829 条/小时

[16/101] 已耗时 13.1min | 已新增 10009

=======================================================
📅 2019-04-01 ~ 2019-04-30
=======================================================
  总页数: 500 页, 每页 ~20 条
  → 50/499 页 (10%) | 新增 0 | 跳过 1000
  → 100/499 页 (20%) | 新增 0 | 跳过 2000
  → 150/499 页 (30%) | 新增 0 | 跳过 3000
  → 200/499 页 (40%) | 新增 0 | 跳过 4000
  → 250/499 页 (50%) | 新增 0 | 跳过 5000
  → 300/499 页 (60%) | 新增 0 | 跳过 6000
  → 350/499 页 (70%) | 新增 0 | 跳过 7000
  → 400/499 页 (80%) | 新增 0 | 跳过 8000
  → 450/499 页 (90%) | 新增 0 | 跳过 9000
  📊 完成: 新增 0, 跳过 9980, 扫描 500 页

[17/101] 已耗时 13.5min | 已新增 10009

=======================================================
📅 2019-05-01 ~ 2019-05-31
=======================================================
  总页数: 500 页, 每页 ~20 条
  → 50/499 页 (10%) | 新增 0 | 跳过 1000
  → 100/499 页 (20%) | 新增 0 | 跳过 2000
  → 150/499 页 (30%) | 新增 0 | 跳过 3000
  → 200/499 页 (40%) | 新增 0 | 跳过 4000
  → 250/499 页 (50%) | 新增 0 | 跳过 5000
  → 300/499 页 (60%) | 新增 0 | 跳过 6000
  → 350/499 页 (70%) | 新增 0 | 跳过 7000
  → 400/499 页 (80%) | 新增 0 | 跳过 8000
  → 450/499 页 (90%) | 新增 0 | 跳过 9000
  📊 完成: 新增 0, 跳过 9980, 扫描 500 页

[18/101] 已耗时 14.3min | 已新增 10009

=======================================================
📅 2019-06-01 ~ 2019-06-30
=======================================================
  总页数: 500 页, 每页 ~20 条
  → 50/499 页 (10%) | 新增 0 | 跳过 1000
  → 100/499 页 (20%) | 新增 0 | 跳过 2000
  → 150/499 页 (30%) | 新增 0 | 跳过 3000
  → 200/499 页 (40%) | 新增 0 | 跳过 4000
  → 250/499 页 (50%) | 新增 0 | 跳过 5000
  → 300/499 页 (60%) | 新增 0 | 跳过 6000
  → 350/499 页 (70%) | 新增 0 | 跳过 7000
  → 400/499 页 (80%) | 新增 0 | 跳过 8000
  → 450/499 页 (90%) | 新增 0 | 跳过 9000
  📊 完成: 新增 0, 跳过 9980, 扫描 500 页

📊 进度: 18/101 个月
   耗时: 15.2 min
   新增: 10,009 条
   速率: 39554 条/小时

[19/101] 已耗时 15.2min | 已新增 10009

=======================================================
📅 2019-07-01 ~ 2019-07-31
=======================================================
  总页数: 500 页, 每页 ~20 条
  → 50/499 页 (10%) | 新增 0 | 跳过 1000
  → 100/499 页 (20%) | 新增 0 | 跳过 2000
  → 150/499 页 (30%) | 新增 0 | 跳过 3000
  → 200/499 页 (40%) | 新增 0 | 跳过 4000
  → 250/499 页 (50%) | 新增 0 | 跳过 5000
  → 300/499 页 (60%) | 新增 0 | 跳过 6000
  → 350/499 页 (70%) | 新增 0 | 跳过 7000
  → 400/499 页 (80%) | 新增 0 | 跳过 8000
  → 450/499 页 (90%) | 新增 0 | 跳过 9000
  📊 完成: 新增 0, 跳过 9980, 扫描 500 页

[20/101] 已耗时 15.7min | 已新增 10009

=======================================================
📅 2019-08-01 ~ 2019-08-31
=======================================================
  总页数: 500 页, 每页 ~20 条
  → 50/499 页 (10%) | 新增 0 | 跳过 1000
  → 100/499 页 (20%) | 新增 0 | 跳过 2000
  → 150/499 页 (30%) | 新增 0 | 跳过 3000
  → 200/499 页 (40%) | 新增 0 | 跳过 4000
  → 250/499 页 (50%) | 新增 0 | 跳过 5000
  → 300/499 页 (60%) | 新增 0 | 跳过 6000
  → 350/499 页 (70%) | 新增 0 | 跳过 7000
  → 400/499 页 (80%) | 新增 0 | 跳过 8000
  → 450/499 页 (90%) | 新增 0 | 跳过 9000
  📊 完成: 新增 0, 跳过 9980, 扫描 500 页

[21/101] 已耗时 16.3min | 已新增 10009

=======================================================
📅 2019-09-01 ~ 2019-09-30
=======================================================
  总页数: 500 页, 每页 ~20 条
  → 50/499 页 (10%) | 新增 0 | 跳过 1000
  → 100/499 页 (20%) | 新增 0 | 跳过 2000
  → 150/499 页 (30%) | 新增 0 | 跳过 3000
  → 200/499 页 (40%) | 新增 0 | 跳过 4000
  → 250/499 页 (50%) | 新增 0 | 跳过 5000
  → 300/499 页 (60%) | 新增 0 | 跳过 6000
  → 350/499 页 (70%) | 新增 0 | 跳过 7000
  → 400/499 页 (80%) | 新增 0 | 跳过 8000
  → 450/499 页 (90%) | 新增 0 | 跳过 9000
  📊 完成: 新增 0, 跳过 9980, 扫描 500 页

📊 进度: 21/101 个月
   耗时: 17.9 min
   新增: 10,009 条
   速率: 33638 条/小时

[22/101] 已耗时 17.9min | 已新增 10009

=======================================================
📅 2019-10-01 ~ 2019-10-31
=======================================================
  总页数: 500 页, 每页 ~20 条
  → 50/499 页 (10%) | 新增 7 | 跳过 1000
  → 100/499 页 (20%) | 新增 7 | 跳过 2000
  → 150/499 页 (30%) | 新增 7 | 跳过 3000
  → 200/499 页 (40%) | 新增 7 | 跳过 4000
  → 250/499 页 (50%) | 新增 7 | 跳过 5000
  → 300/499 页 (60%) | 新增 7 | 跳过 6000
  → 350/499 页 (70%) | 新增 7 | 跳过 7000
  → 400/499 页 (80%) | 新增 7 | 跳过 8000
  → 450/499 页 (90%) | 新增 7 | 跳过 9000
  💾 已保存: 共 10016 条
  📊 完成: 新增 7, 跳过 9980, 扫描 500 页

[23/101] 已耗时 19.1min | 已新增 10016

=======================================================
📅 2019-11-01 ~ 2019-11-30
=======================================================
  总页数: 500 页, 每页 ~20 条
  → 50/499 页 (10%) | 新增 0 | 跳过 1000
  → 100/499 页 (20%) | 新增 0 | 跳过 2000
  → 150/499 页 (30%) | 新增 0 | 跳过 3000
  → 200/499 页 (40%) | 新增 0 | 跳过 4000
  → 250/499 页 (50%) | 新增 0 | 跳过 5000
  → 300/499 页 (60%) | 新增 0 | 跳过 6000
  → 350/499 页 (70%) | 新增 0 | 跳过 7000
  → 400/499 页 (80%) | 新增 0 | 跳过 8000
  → 450/499 页 (90%) | 新增 0 | 跳过 9000
  📊 完成: 新增 0, 跳过 9980, 扫描 500 页

[24/101] 已耗时 23.4min | 已新增 10016

=======================================================
📅 2019-12-01 ~ 2019-12-31
=======================================================
  总页数: 500 页, 每页 ~20 条
  → 50/499 页 (10%) | 新增 12 | 跳过 1000
  → 100/499 页 (20%) | 新增 12 | 跳过 2000
  → 150/499 页 (30%) | 新增 12 | 跳过 3000
  → 200/499 页 (40%) | 新增 12 | 跳过 4000
  → 250/499 页 (50%) | 新增 12 | 跳过 5000
  → 300/499 页 (60%) | 新增 12 | 跳过 6000
  → 350/499 页 (70%) | 新增 12 | 跳过 7000
  → 400/499 页 (80%) | 新增 12 | 跳过 8000
  → 450/499 页 (90%) | 新增 12 | 跳过 9000
  💾 已保存: 共 10028 条
  📊 完成: 新增 12, 跳过 9980, 扫描 500 页

📊 进度: 24/101 个月
   耗时: 25.1 min
   新增: 10,028 条
   速率: 23983 条/小时

[25/101] 已耗时 25.1min | 已新增 10028

=======================================================
📅 2020-01-01 ~ 2020-01-31
=======================================================
  总页数: 500 页, 每页 ~20 条
  → 50/499 页 (10%) | 新增 0 | 跳过 1000
  → 100/499 页 (20%) | 新增 0 | 跳过 2000
  → 150/499 页 (30%) | 新增 0 | 跳过 3000
  → 200/499 页 (40%) | 新增 0 | 跳过 4000
  → 250/499 页 (50%) | 新增 0 | 跳过 5000
  → 300/499 页 (60%) | 新增 0 | 跳过 6000
  → 350/499 页 (70%) | 新增 0 | 跳过 7000
  → 400/499 页 (80%) | 新增 0 | 跳过 8000
  → 450/499 页 (90%) | 新增 0 | 跳过 9000
  📊 完成: 新增 0, 跳过 9980, 扫描 500 页

[26/101] 已耗时 29.1min | 已新增 10028

=======================================================
📅 2020-02-01 ~ 2020-02-29
=======================================================
  总页数: 500 页, 每页 ~20 条
  → 50/499 页 (10%) | 新增 10 | 跳过 1000
  → 100/499 页 (20%) | 新增 10 | 跳过 2000
  → 150/499 页 (30%) | 新增 10 | 跳过 3000
  → 200/499 页 (40%) | 新增 10 | 跳过 4000
  → 250/499 页 (50%) | 新增 10 | 跳过 5000
  → 300/499 页 (60%) | 新增 10 | 跳过 6000
  → 350/499 页 (70%) | 新增 10 | 跳过 7000
  → 400/499 页 (80%) | 新增 10 | 跳过 8000
  → 450/499 页 (90%) | 新增 10 | 跳过 9000
  💾 已保存: 共 10038 条
  📊 完成: 新增 10, 跳过 9980, 扫描 500 页

[27/101] 已耗时 30.1min | 已新增 10038

=======================================================
📅 2020-03-01 ~ 2020-03-31
=======================================================
  总页数: 500 页, 每页 ~20 条
  → 50/499 页 (10%) | 新增 0 | 跳过 1000
  → 100/499 页 (20%) | 新增 0 | 跳过 2000
  → 150/499 页 (30%) | 新增 0 | 跳过 3000
  → 200/499 页 (40%) | 新增 0 | 跳过 4000
  → 250/499 页 (50%) | 新增 0 | 跳过 5000
  → 300/499 页 (60%) | 新增 0 | 跳过 6000
  → 350/499 页 (70%) | 新增 0 | 跳过 7000
  → 400/499 页 (80%) | 新增 0 | 跳过 8000
  → 450/499 页 (90%) | 新增 0 | 跳过 9000
  📊 完成: 新增 0, 跳过 9980, 扫描 500 页

📊 进度: 27/101 个月
   耗时: 31.1 min
   新增: 10,038 条
   速率: 19390 条/小时

[28/101] 已耗时 31.1min | 已新增 10038

=======================================================
📅 2020-04-01 ~ 2020-04-30
=======================================================
  总页数: 500 页, 每页 ~20 条
  → 50/499 页 (10%) | 新增 0 | 跳过 1000
  → 100/499 页 (20%) | 新增 0 | 跳过 2000
  → 150/499 页 (30%) | 新增 0 | 跳过 3000
  → 200/499 页 (40%) | 新增 0 | 跳过 4000
  → 250/499 页 (50%) | 新增 0 | 跳过 5000
  → 300/499 页 (60%) | 新增 0 | 跳过 6000
  → 350/499 页 (70%) | 新增 0 | 跳过 7000
  → 400/499 页 (80%) | 新增 0 | 跳过 8000
  → 450/499 页 (90%) | 新增 0 | 跳过 9000
  📊 完成: 新增 0, 跳过 9980, 扫描 500 页

[29/101] 已耗时 34.3min | 已新增 10038

=======================================================
📅 2020-05-01 ~ 2020-05-31
=======================================================
  总页数: 500 页, 每页 ~20 条
  → 50/499 页 (10%) | 新增 6 | 跳过 1000
  → 100/499 页 (20%) | 新增 6 | 跳过 2000
  → 150/499 页 (30%) | 新增 6 | 跳过 3000
  → 200/499 页 (40%) | 新增 6 | 跳过 4000
  → 250/499 页 (50%) | 新增 6 | 跳过 5000
  → 300/499 页 (60%) | 新增 6 | 跳过 6000
  → 350/499 页 (70%) | 新增 6 | 跳过 7000
  → 400/499 页 (80%) | 新增 6 | 跳过 8000
  → 450/499 页 (90%) | 新增 6 | 跳过 9000
  💾 已保存: 共 10044 条
  📊 完成: 新增 6, 跳过 9980, 扫描 500 页

[30/101] 已耗时 35.5min | 已新增 10044

=======================================================
📅 2020-06-01 ~ 2020-06-30
=======================================================
  总页数: 500 页, 每页 ~20 条
  → 50/499 页 (10%) | 新增 0 | 跳过 1000
  → 100/499 页 (20%) | 新增 0 | 跳过 2000
  → 150/499 页 (30%) | 新增 0 | 跳过 3000
  → 200/499 页 (40%) | 新增 0 | 跳过 4000
  → 250/499 页 (50%) | 新增 0 | 跳过 5000
  → 300/499 页 (60%) | 新增 0 | 跳过 6000
  → 350/499 页 (70%) | 新增 0 | 跳过 7000
  → 400/499 页 (80%) | 新增 0 | 跳过 8000
  → 450/499 页 (90%) | 新增 0 | 跳过 9000
  📊 完成: 新增 0, 跳过 9980, 扫描 500 页

📊 进度: 30/101 个月
   耗时: 36.1 min
   新增: 10,044 条
   速率: 16710 条/小时

[31/101] 已耗时 36.1min | 已新增 10044

=======================================================
📅 2020-07-01 ~ 2020-07-31
=======================================================
  总页数: 500 页, 每页 ~20 条
  → 50/499 页 (10%) | 新增 0 | 跳过 1000
  → 100/499 页 (20%) | 新增 0 | 跳过 2000
  → 150/499 页 (30%) | 新增 0 | 跳过 3000
  → 200/499 页 (40%) | 新增 0 | 跳过 4000
  → 250/499 页 (50%) | 新增 0 | 跳过 5000
  → 300/499 页 (60%) | 新增 0 | 跳过 6000
  → 350/499 页 (70%) | 新增 0 | 跳过 7000
  → 400/499 页 (80%) | 新增 0 | 跳过 8000
  → 450/499 页 (90%) | 新增 0 | 跳过 9000
  📊 完成: 新增 0, 跳过 9980, 扫描 500 页

[32/101] 已耗时 36.5min | 已新增 10044

=======================================================
📅 2020-08-01 ~ 2020-08-31
=======================================================
  总页数: 500 页, 每页 ~20 条
  → 50/499 页 (10%) | 新增 0 | 跳过 1000
  → 100/499 页 (20%) | 新增 0 | 跳过 2000
  → 150/499 页 (30%) | 新增 0 | 跳过 3000
  → 200/499 页 (40%) | 新增 0 | 跳过 4000
  → 250/499 页 (50%) | 新增 0 | 跳过 5000
  → 300/499 页 (60%) | 新增 0 | 跳过 6000
  → 350/499 页 (70%) | 新增 0 | 跳过 7000
  → 400/499 页 (80%) | 新增 0 | 跳过 8000
  → 450/499 页 (90%) | 新增 0 | 跳过 9000
  📊 完成: 新增 0, 跳过 9980, 扫描 500 页

[33/101] 已耗时 38.5min | 已新增 10044

=======================================================
📅 2020-09-01 ~ 2020-09-30
=======================================================
  总页数: 500 页, 每页 ~20 条
  → 50/499 页 (10%) | 新增 0 | 跳过 1000
  → 100/499 页 (20%) | 新增 0 | 跳过 2000
  → 150/499 页 (30%) | 新增 0 | 跳过 3000
  → 200/499 页 (40%) | 新增 0 | 跳过 4000
  → 250/499 页 (50%) | 新增 0 | 跳过 5000
  → 300/499 页 (60%) | 新增 0 | 跳过 6000
  → 350/499 页 (70%) | 新增 0 | 跳过 7000
  → 400/499 页 (80%) | 新增 0 | 跳过 8000
  → 450/499 页 (90%) | 新增 0 | 跳过 9000
  📊 完成: 新增 0, 跳过 9980, 扫描 500 页

📊 进度: 33/101 个月
   耗时: 39.5 min
   新增: 10,044 条
   速率: 15247 条/小时

[34/101] 已耗时 39.5min | 已新增 10044

=======================================================
📅 2020-10-01 ~ 2020-10-31
=======================================================
  总页数: 500 页, 每页 ~20 条
  → 50/499 页 (10%) | 新增 2 | 跳过 1000
  → 100/499 页 (20%) | 新增 2 | 跳过 2000
  → 150/499 页 (30%) | 新增 2 | 跳过 3000
  → 200/499 页 (40%) | 新增 2 | 跳过 4000
  → 250/499 页 (50%) | 新增 2 | 跳过 5000
  → 300/499 页 (60%) | 新增 2 | 跳过 6000
  → 350/499 页 (70%) | 新增 2 | 跳过 7000
  → 400/499 页 (80%) | 新增 2 | 跳过 8000
  → 450/499 页 (90%) | 新增 2 | 跳过 9000
  💾 已保存: 共 10046 条
  📊 完成: 新增 2, 跳过 9980, 扫描 500 页

[35/101] 已耗时 40.2min | 已新增 10046

=======================================================
📅 2020-11-01 ~ 2020-11-30
=======================================================
  总页数: 500 页, 每页 ~20 条
  → 50/499 页 (10%) | 新增 0 | 跳过 1000
  → 100/499 页 (20%) | 新增 0 | 跳过 2000
  → 150/499 页 (30%) | 新增 0 | 跳过 3000
  → 200/499 页 (40%) | 新增 0 | 跳过 4000
  → 250/499 页 (50%) | 新增 0 | 跳过 5000
  → 300/499 页 (60%) | 新增 0 | 跳过 6000
  → 350/499 页 (70%) | 新增 0 | 跳过 7000
  → 400/499 页 (80%) | 新增 0 | 跳过 8000
  → 450/499 页 (90%) | 新增 0 | 跳过 9000
  📊 完成: 新增 0, 跳过 9980, 扫描 500 页

[36/101] 已耗时 40.8min | 已新增 10046

=======================================================
📅 2020-12-01 ~ 2020-12-31
=======================================================
  总页数: 500 页, 每页 ~20 条
  → 50/499 页 (10%) | 新增 0 | 跳过 1000
  → 100/499 页 (20%) | 新增 0 | 跳过 2000
  → 150/499 页 (30%) | 新增 0 | 跳过 3000
  → 200/499 页 (40%) | 新增 0 | 跳过 4000
  → 250/499 页 (50%) | 新增 0 | 跳过 5000
  → 300/499 页 (60%) | 新增 0 | 跳过 6000
  → 350/499 页 (70%) | 新增 0 | 跳过 7000
  → 400/499 页 (80%) | 新增 0 | 跳过 8000
  → 450/499 页 (90%) | 新增 0 | 跳过 9000
  📊 完成: 新增 0, 跳过 9980, 扫描 500 页

📊 进度: 36/101 个月
   耗时: 41.4 min
   新增: 10,046 条
   速率: 14575 条/小时

[37/101] 已耗时 41.4min | 已新增 10046

=======================================================
📅 2021-01-01 ~ 2021-01-31
=======================================================
  总页数: 500 页, 每页 ~20 条
  → 50/499 页 (10%) | 新增 0 | 跳过 1000
  → 100/499 页 (20%) | 新增 0 | 跳过 2000
  → 150/499 页 (30%) | 新增 0 | 跳过 3000
  → 200/499 页 (40%) | 新增 0 | 跳过 4000
  → 250/499 页 (50%) | 新增 0 | 跳过 5000
  → 300/499 页 (60%) | 新增 0 | 跳过 6000
  → 350/499 页 (70%) | 新增 0 | 跳过 7000
  → 400/499 页 (80%) | 新增 0 | 跳过 8000
  → 450/499 页 (90%) | 新增 0 | 跳过 9000
  📊 完成: 新增 0, 跳过 9980, 扫描 500 页

[38/101] 已耗时 41.8min | 已新增 10046

=======================================================
📅 2021-02-01 ~ 2021-02-28
=======================================================
  总页数: 500 页, 每页 ~20 条
  → 50/499 页 (10%) | 新增 0 | 跳过 1000
  → 100/499 页 (20%) | 新增 0 | 跳过 2000
  → 150/499 页 (30%) | 新增 0 | 跳过 3000
  → 200/499 页 (40%) | 新增 0 | 跳过 4000
  → 250/499 页 (50%) | 新增 0 | 跳过 5000
  → 300/499 页 (60%) | 新增 0 | 跳过 6000
  → 350/499 页 (70%) | 新增 0 | 跳过 7000
  → 400/499 页 (80%) | 新增 0 | 跳过 8000
  → 450/499 页 (90%) | 新增 0 | 跳过 9000
  📊 完成: 新增 0, 跳过 9980, 扫描 500 页

[39/101] 已耗时 43.3min | 已新增 10046

=======================================================
📅 2021-03-01 ~ 2021-03-31
=======================================================
  总页数: 500 页, 每页 ~20 条
  → 50/499 页 (10%) | 新增 0 | 跳过 1000
  → 100/499 页 (20%) | 新增 0 | 跳过 2000
  → 150/499 页 (30%) | 新增 0 | 跳过 3000
  → 200/499 页 (40%) | 新增 0 | 跳过 4000
  → 250/499 页 (50%) | 新增 0 | 跳过 5000
  → 300/499 页 (60%) | 新增 0 | 跳过 6000
  → 350/499 页 (70%) | 新增 0 | 跳过 7000
  → 400/499 页 (80%) | 新增 0 | 跳过 8000
  → 450/499 页 (90%) | 新增 0 | 跳过 9000
  📊 完成: 新增 0, 跳过 9980, 扫描 500 页

📊 进度: 39/101 个月
   耗时: 43.8 min
   新增: 10,046 条
   速率: 13772 条/小时

[40/101] 已耗时 43.8min | 已新增 10046

=======================================================
📅 2021-04-01 ~ 2021-04-30
=======================================================
  总页数: 500 页, 每页 ~20 条
  → 50/499 页 (10%) | 新增 0 | 跳过 1000
  → 100/499 页 (20%) | 新增 0 | 跳过 2000
  → 150/499 页 (30%) | 新增 0 | 跳过 3000
  → 200/499 页 (40%) | 新增 0 | 跳过 4000
  → 250/499 页 (50%) | 新增 0 | 跳过 5000
  → 300/499 页 (60%) | 新增 0 | 跳过 6000
  → 350/499 页 (70%) | 新增 0 | 跳过 7000
  → 400/499 页 (80%) | 新增 0 | 跳过 8000
  → 450/499 页 (90%) | 新增 0 | 跳过 9000
  📊 完成: 新增 0, 跳过 9980, 扫描 500 页

[41/101] 已耗时 44.7min | 已新增 10046

=======================================================
📅 2021-05-01 ~ 2021-05-31
=======================================================
  总页数: 500 页, 每页 ~20 条
  → 50/499 页 (10%) | 新增 6 | 跳过 1000
  → 100/499 页 (20%) | 新增 6 | 跳过 2000
  → 150/499 页 (30%) | 新增 6 | 跳过 3000
  → 200/499 页 (40%) | 新增 6 | 跳过 4000
  → 250/499 页 (50%) | 新增 6 | 跳过 5000
  → 300/499 页 (60%) | 新增 6 | 跳过 6000
  → 350/499 页 (70%) | 新增 6 | 跳过 7000
  → 400/499 页 (80%) | 新增 6 | 跳过 8000
  → 450/499 页 (90%) | 新增 6 | 跳过 9000
  💾 已保存: 共 10052 条
  📊 完成: 新增 6, 跳过 9980, 扫描 500 页

[42/101] 已耗时 45.2min | 已新增 10052

=======================================================
📅 2021-06-01 ~ 2021-06-30
=======================================================
  总页数: 500 页, 每页 ~20 条
  → 50/499 页 (10%) | 新增 0 | 跳过 1000
  → 100/499 页 (20%) | 新增 0 | 跳过 2000
  → 150/499 页 (30%) | 新增 0 | 跳过 3000
  → 200/499 页 (40%) | 新增 0 | 跳过 4000
  → 250/499 页 (50%) | 新增 0 | 跳过 5000
  → 300/499 页 (60%) | 新增 0 | 跳过 6000
  → 350/499 页 (70%) | 新增 0 | 跳过 7000
  → 400/499 页 (80%) | 新增 0 | 跳过 8000
  → 450/499 页 (90%) | 新增 0 | 跳过 9000
  📊 完成: 新增 0, 跳过 9980, 扫描 500 页

📊 进度: 42/101 个月
   耗时: 45.6 min
   新增: 10,052 条
   速率: 13218 条/小时

[43/101] 已耗时 45.6min | 已新增 10052

=======================================================
📅 2021-07-01 ~ 2021-07-31
=======================================================
  总页数: 500 页, 每页 ~20 条
  → 50/499 页 (10%) | 新增 0 | 跳过 1000
  → 100/499 页 (20%) | 新增 0 | 跳过 2000
  → 150/499 页 (30%) | 新增 0 | 跳过 3000
  → 200/499 页 (40%) | 新增 0 | 跳过 4000
  → 250/499 页 (50%) | 新增 0 | 跳过 5000
  → 300/499 页 (60%) | 新增 0 | 跳过 6000
  → 350/499 页 (70%) | 新增 0 | 跳过 7000
  → 400/499 页 (80%) | 新增 0 | 跳过 8000
  → 450/499 页 (90%) | 新增 0 | 跳过 9000
  📊 完成: 新增 0, 跳过 9980, 扫描 500 页

[44/101] 已耗时 46.3min | 已新增 10052

=======================================================
📅 2021-08-01 ~ 2021-08-31
=======================================================
  总页数: 500 页, 每页 ~20 条
  → 50/499 页 (10%) | 新增 0 | 跳过 1000
  → 100/499 页 (20%) | 新增 0 | 跳过 2000
  → 150/499 页 (30%) | 新增 0 | 跳过 3000
  → 200/499 页 (40%) | 新增 0 | 跳过 4000
  → 250/499 页 (50%) | 新增 0 | 跳过 5000
  → 300/499 页 (60%) | 新增 0 | 跳过 6000
  → 350/499 页 (70%) | 新增 0 | 跳过 7000
  → 400/499 页 (80%) | 新增 0 | 跳过 8000
  → 450/499 页 (90%) | 新增 0 | 跳过 9000
  📊 完成: 新增 0, 跳过 9980, 扫描 500 页

[45/101] 已耗时 46.7min | 已新增 10052

=======================================================
📅 2021-09-01 ~ 2021-09-30
=======================================================
  总页数: 500 页, 每页 ~20 条
  → 50/499 页 (10%) | 新增 0 | 跳过 1000
  → 100/499 页 (20%) | 新增 0 | 跳过 2000
  → 150/499 页 (30%) | 新增 0 | 跳过 3000
  → 200/499 页 (40%) | 新增 0 | 跳过 4000
  → 250/499 页 (50%) | 新增 0 | 跳过 5000
  → 300/499 页 (60%) | 新增 0 | 跳过 6000
  → 350/499 页 (70%) | 新增 0 | 跳过 7000
  → 400/499 页 (80%) | 新增 0 | 跳过 8000
  → 450/499 页 (90%) | 新增 0 | 跳过 9000
  📊 完成: 新增 0, 跳过 9980, 扫描 500 页

📊 进度: 45/101 个月
   耗时: 47.2 min
   新增: 10,052 条
   速率: 12769 条/小时

[46/101] 已耗时 47.2min | 已新增 10052

=======================================================
📅 2021-10-01 ~ 2021-10-31
=======================================================
  总页数: 500 页, 每页 ~20 条
  → 50/499 页 (10%) | 新增 0 | 跳过 1000
  → 100/499 页 (20%) | 新增 0 | 跳过 2000
  → 150/499 页 (30%) | 新增 0 | 跳过 3000
  → 200/499 页 (40%) | 新增 0 | 跳过 4000
  → 250/499 页 (50%) | 新增 0 | 跳过 5000
  → 300/499 页 (60%) | 新增 0 | 跳过 6000
  → 350/499 页 (70%) | 新增 0 | 跳过 7000
  → 400/499 页 (80%) | 新增 0 | 跳过 8000
  → 450/499 页 (90%) | 新增 0 | 跳过 9000
  📊 完成: 新增 0, 跳过 9980, 扫描 500 页

[47/101] 已耗时 50.1min | 已新增 10052

=======================================================
📅 2021-11-01 ~ 2021-11-30
=======================================================
  总页数: 500 页, 每页 ~20 条
  → 50/499 页 (10%) | 新增 10 | 跳过 1000
  → 100/499 页 (20%) | 新增 10 | 跳过 2000
  → 150/499 页 (30%) | 新增 10 | 跳过 3000
  → 200/499 页 (40%) | 新增 10 | 跳过 4000
  → 250/499 页 (50%) | 新增 10 | 跳过 5000
  → 300/499 页 (60%) | 新增 10 | 跳过 6000
  → 350/499 页 (70%) | 新增 10 | 跳过 7000
  → 400/499 页 (80%) | 新增 10 | 跳过 8000
  → 450/499 页 (90%) | 新增 10 | 跳过 9000
  💾 已保存: 共 10062 条
  📊 完成: 新增 10, 跳过 9980, 扫描 500 页

[48/101] 已耗时 53.3min | 已新增 10062

=======================================================
📅 2021-12-01 ~ 2021-12-31
=======================================================
  总页数: 500 页, 每页 ~20 条
  → 50/499 页 (10%) | 新增 0 | 跳过 1000
  → 100/499 页 (20%) | 新增 0 | 跳过 2000
  → 150/499 页 (30%) | 新增 0 | 跳过 3000
  → 200/499 页 (40%) | 新增 0 | 跳过 4000
  → 300/499 页 (60%) | 新增 0 | 跳过 5520
  → 350/499 页 (70%) | 新增 0 | 跳过 6480
  → 400/499 页 (80%) | 新增 0 | 跳过 7480
  → 450/499 页 (90%) | 新增 0 | 跳过 8460
  📊 完成: 新增 0, 跳过 9440, 扫描 500 页

📊 进度: 48/101 个月
   耗时: 60.9 min
   新增: 10,062 条
   速率: 9919 条/小时

[49/101] 已耗时 60.9min | 已新增 10062

=======================================================
📅 2022-01-01 ~ 2022-01-31
=======================================================
  总页数: 500 页, 每页 ~20 条
  → 50/499 页 (10%) | 新增 31 | 跳过 989
  → 100/499 页 (20%) | 新增 31 | 跳过 1989
  → 150/499 页 (30%) | 新增 31 | 跳过 2989
  → 200/499 页 (40%) | 新增 31 | 跳过 3989
  → 250/499 页 (50%) | 新增 31 | 跳过 4989
  → 300/499 页 (60%) | 新增 31 | 跳过 5989
  → 350/499 页 (70%) | 新增 31 | 跳过 6989
  → 400/499 页 (80%) | 新增 31 | 跳过 7989
  → 450/499 页 (90%) | 新增 31 | 跳过 8989
  💾 已保存: 共 10093 条
  📊 完成: 新增 31, 跳过 9969, 扫描 500 页

[50/101] 已耗时 65.1min | 已新增 10093

=======================================================
📅 2022-02-01 ~ 2022-02-28
=======================================================
  总页数: 500 页, 每页 ~20 条
  → 50/499 页 (10%) | 新增 0 | 跳过 1000
  → 100/499 页 (20%) | 新增 0 | 跳过 2000
  → 150/499 页 (30%) | 新增 0 | 跳过 3000
  → 200/499 页 (40%) | 新增 0 | 跳过 4000
  → 250/499 页 (50%) | 新增 0 | 跳过 5000
  → 300/499 页 (60%) | 新增 0 | 跳过 6000
  → 350/499 页 (70%) | 新增 0 | 跳过 7000
  → 400/499 页 (80%) | 新增 0 | 跳过 8000
  → 450/499 页 (90%) | 新增 0 | 跳过 9000
  📊 完成: 新增 0, 跳过 9980, 扫描 500 页

[51/101] 已耗时 66.1min | 已新增 10093

=======================================================
📅 2022-03-01 ~ 2022-03-31
=======================================================
  总页数: 500 页, 每页 ~20 条
  → 50/499 页 (10%) | 新增 12 | 跳过 1000
  → 100/499 页 (20%) | 新增 12 | 跳过 2000
  → 150/499 页 (30%) | 新增 12 | 跳过 3000
  → 200/499 页 (40%) | 新增 12 | 跳过 4000
  → 250/499 页 (50%) | 新增 12 | 跳过 5000
  → 300/499 页 (60%) | 新增 12 | 跳过 6000
  → 350/499 页 (70%) | 新增 12 | 跳过 7000
  → 400/499 页 (80%) | 新增 12 | 跳过 8000
  → 450/499 页 (90%) | 新增 12 | 跳过 9000
  💾 已保存: 共 10105 条
  📊 完成: 新增 12, 跳过 9980, 扫描 500 页

📊 进度: 51/101 个月
   耗时: 66.7 min
   新增: 10,105 条
   速率: 9094 条/小时

[52/101] 已耗时 66.7min | 已新增 10105

=======================================================
📅 2022-04-01 ~ 2022-04-30
=======================================================
  总页数: 500 页, 每页 ~20 条
  → 50/499 页 (10%) | 新增 0 | 跳过 1000
  → 100/499 页 (20%) | 新增 0 | 跳过 2000
  → 150/499 页 (30%) | 新增 0 | 跳过 3000
  → 200/499 页 (40%) | 新增 0 | 跳过 4000
  → 250/499 页 (50%) | 新增 0 | 跳过 5000
  → 300/499 页 (60%) | 新增 0 | 跳过 6000
  → 350/499 页 (70%) | 新增 0 | 跳过 7000
  → 400/499 页 (80%) | 新增 0 | 跳过 8000
  → 450/499 页 (90%) | 新增 0 | 跳过 9000
  📊 完成: 新增 0, 跳过 9980, 扫描 500 页

[53/101] 已耗时 67.7min | 已新增 10105

=======================================================
📅 2022-05-01 ~ 2022-05-31
=======================================================
  总页数: 500 页, 每页 ~20 条
  → 50/499 页 (10%) | 新增 0 | 跳过 1000
  → 100/499 页 (20%) | 新增 0 | 跳过 2000
  → 150/499 页 (30%) | 新增 0 | 跳过 3000
  → 200/499 页 (40%) | 新增 0 | 跳过 4000
  → 250/499 页 (50%) | 新增 0 | 跳过 5000
  → 300/499 页 (60%) | 新增 0 | 跳过 6000
  → 350/499 页 (70%) | 新增 0 | 跳过 7000
  → 400/499 页 (80%) | 新增 0 | 跳过 8000
  → 450/499 页 (90%) | 新增 0 | 跳过 9000
  📊 完成: 新增 0, 跳过 9980, 扫描 500 页

[54/101] 已耗时 69.0min | 已新增 10105

=======================================================
📅 2022-06-01 ~ 2022-06-30
=======================================================
  总页数: 500 页, 每页 ~20 条
  → 50/499 页 (10%) | 新增 0 | 跳过 1000
  → 100/499 页 (20%) | 新增 0 | 跳过 2000
  → 150/499 页 (30%) | 新增 0 | 跳过 3000
  → 200/499 页 (40%) | 新增 0 | 跳过 4000
  → 250/499 页 (50%) | 新增 0 | 跳过 5000
  → 300/499 页 (60%) | 新增 0 | 跳过 6000
  → 350/499 页 (70%) | 新增 0 | 跳过 7000
  → 400/499 页 (80%) | 新增 0 | 跳过 8000
  → 450/499 页 (90%) | 新增 0 | 跳过 9000
  📊 完成: 新增 0, 跳过 9980, 扫描 500 页

📊 进度: 54/101 个月
   耗时: 71.2 min
   新增: 10,105 条
   速率: 8517 条/小时

[55/101] 已耗时 71.2min | 已新增 10105

=======================================================
📅 2022-07-01 ~ 2022-07-31
=======================================================
  总页数: 500 页, 每页 ~20 条
  → 50/499 页 (10%) | 新增 6 | 跳过 1000
  → 100/499 页 (20%) | 新增 6 | 跳过 2000
  → 150/499 页 (30%) | 新增 6 | 跳过 3000
  → 200/499 页 (40%) | 新增 6 | 跳过 4000
  → 250/499 页 (50%) | 新增 6 | 跳过 5000
  → 300/499 页 (60%) | 新增 6 | 跳过 6000
  → 350/499 页 (70%) | 新增 6 | 跳过 7000
  → 400/499 页 (80%) | 新增 6 | 跳过 8000
  → 450/499 页 (90%) | 新增 6 | 跳过 9000
  💾 已保存: 共 10111 条
  📊 完成: 新增 6, 跳过 9980, 扫描 500 页

[56/101] 已耗时 72.3min | 已新增 10111

=======================================================
📅 2022-08-01 ~ 2022-08-31
=======================================================
  总页数: 500 页, 每页 ~20 条
  → 50/499 页 (10%) | 新增 0 | 跳过 1000
  → 100/499 页 (20%) | 新增 0 | 跳过 2000
  → 150/499 页 (30%) | 新增 0 | 跳过 3000
  → 200/499 页 (40%) | 新增 0 | 跳过 4000
  → 250/499 页 (50%) | 新增 0 | 跳过 5000
  → 300/499 页 (60%) | 新增 0 | 跳过 6000
  → 350/499 页 (70%) | 新增 0 | 跳过 7000
  → 400/499 页 (80%) | 新增 0 | 跳过 8000
  → 450/499 页 (90%) | 新增 0 | 跳过 9000
  📊 完成: 新增 0, 跳过 9980, 扫描 500 页

[57/101] 已耗时 73.6min | 已新增 10111

=======================================================
📅 2022-09-01 ~ 2022-09-30
=======================================================
  总页数: 500 页, 每页 ~20 条
  → 50/499 页 (10%) | 新增 0 | 跳过 1000
  → 100/499 页 (20%) | 新增 0 | 跳过 2000
  → 150/499 页 (30%) | 新增 0 | 跳过 3000
  → 200/499 页 (40%) | 新增 0 | 跳过 4000
  → 250/499 页 (50%) | 新增 0 | 跳过 5000
  → 300/499 页 (60%) | 新增 0 | 跳过 6000
  → 350/499 页 (70%) | 新增 0 | 跳过 7000
  → 400/499 页 (80%) | 新增 0 | 跳过 8000
  → 450/499 页 (90%) | 新增 0 | 跳过 9000
  📊 完成: 新增 0, 跳过 9980, 扫描 500 页

📊 进度: 57/101 个月
   耗时: 74.5 min
   新增: 10,111 条
   速率: 8147 条/小时

[58/101] 已耗时 74.5min | 已新增 10111

=======================================================
📅 2022-10-01 ~ 2022-10-31
=======================================================
  总页数: 500 页, 每页 ~20 条
  → 50/499 页 (10%) | 新增 0 | 跳过 1000
  → 100/499 页 (20%) | 新增 0 | 跳过 2000
  → 150/499 页 (30%) | 新增 0 | 跳过 3000
  → 200/499 页 (40%) | 新增 0 | 跳过 4000
  → 250/499 页 (50%) | 新增 0 | 跳过 5000
  → 300/499 页 (60%) | 新增 0 | 跳过 6000
  → 350/499 页 (70%) | 新增 0 | 跳过 7000
  → 400/499 页 (80%) | 新增 0 | 跳过 8000
  → 450/499 页 (90%) | 新增 0 | 跳过 9000
  📊 完成: 新增 0, 跳过 9980, 扫描 500 页

[59/101] 已耗时 75.1min | 已新增 10111

=======================================================
📅 2022-11-01 ~ 2022-11-30
=======================================================
  总页数: 500 页, 每页 ~20 条
  → 50/499 页 (10%) | 新增 0 | 跳过 1000
  → 100/499 页 (20%) | 新增 0 | 跳过 2000
  → 150/499 页 (30%) | 新增 0 | 跳过 3000
  → 200/499 页 (40%) | 新增 0 | 跳过 4000
  → 250/499 页 (50%) | 新增 0 | 跳过 5000
  → 300/499 页 (60%) | 新增 0 | 跳过 6000
  → 350/499 页 (70%) | 新增 0 | 跳过 7000
  → 400/499 页 (80%) | 新增 0 | 跳过 8000
  → 450/499 页 (90%) | 新增 0 | 跳过 9000
  📊 完成: 新增 0, 跳过 9980, 扫描 500 页

[60/101] 已耗时 76.4min | 已新增 10111

=======================================================
📅 2022-12-01 ~ 2022-12-31
=======================================================
  总页数: 500 页, 每页 ~20 条
  → 50/499 页 (10%) | 新增 2 | 跳过 1000
  → 100/499 页 (20%) | 新增 2 | 跳过 2000
  → 150/499 页 (30%) | 新增 2 | 跳过 3000
  → 200/499 页 (40%) | 新增 2 | 跳过 4000
  → 250/499 页 (50%) | 新增 2 | 跳过 5000
  → 300/499 页 (60%) | 新增 2 | 跳过 6000
  → 350/499 页 (70%) | 新增 2 | 跳过 7000
  → 400/499 页 (80%) | 新增 2 | 跳过 8000
  → 450/499 页 (90%) | 新增 2 | 跳过 9000
  💾 已保存: 共 10113 条
  📊 完成: 新增 2, 跳过 9980, 扫描 500 页

📊 进度: 60/101 个月
   耗时: 77.1 min
   新增: 10,113 条
   速率: 7870 条/小时

[61/101] 已耗时 77.1min | 已新增 10113

=======================================================
📅 2023-01-01 ~ 2023-01-31
=======================================================
  总页数: 500 页, 每页 ~20 条
  → 50/499 页 (10%) | 新增 0 | 跳过 1000
  → 100/499 页 (20%) | 新增 0 | 跳过 2000
  → 150/499 页 (30%) | 新增 0 | 跳过 3000
  → 200/499 页 (40%) | 新增 0 | 跳过 4000
  → 250/499 页 (50%) | 新增 0 | 跳过 5000
  → 300/499 页 (60%) | 新增 0 | 跳过 6000
  → 350/499 页 (70%) | 新增 0 | 跳过 7000
  → 400/499 页 (80%) | 新增 0 | 跳过 8000
  → 450/499 页 (90%) | 新增 0 | 跳过 9000
  📊 完成: 新增 0, 跳过 9980, 扫描 500 页

[62/101] 已耗时 77.7min | 已新增 10113

=======================================================
📅 2023-02-01 ~ 2023-02-28
=======================================================
  总页数: 500 页, 每页 ~20 条
  → 50/499 页 (10%) | 新增 0 | 跳过 1000
  → 100/499 页 (20%) | 新增 2 | 跳过 1998
  → 150/499 页 (30%) | 新增 2 | 跳过 2998
  → 200/499 页 (40%) | 新增 2 | 跳过 3998
  → 250/499 页 (50%) | 新增 2 | 跳过 4998
  → 300/499 页 (60%) | 新增 2 | 跳过 5998
  → 350/499 页 (70%) | 新增 2 | 跳过 6998
  → 400/499 页 (80%) | 新增 2 | 跳过 7998
  → 450/499 页 (90%) | 新增 2 | 跳过 8998
  💾 已保存: 共 10115 条
  📊 完成: 新增 2, 跳过 9978, 扫描 500 页

[63/101] 已耗时 78.9min | 已新增 10115

=======================================================
📅 2023-03-01 ~ 2023-03-31
=======================================================
  总页数: 500 页, 每页 ~20 条
  → 50/499 页 (10%) | 新增 0 | 跳过 1000
  → 100/499 页 (20%) | 新增 0 | 跳过 2000
  → 150/499 页 (30%) | 新增 0 | 跳过 3000
  → 200/499 页 (40%) | 新增 0 | 跳过 4000
  → 250/499 页 (50%) | 新增 0 | 跳过 5000
  → 300/499 页 (60%) | 新增 0 | 跳过 6000
  → 350/499 页 (70%) | 新增 0 | 跳过 7000
  → 400/499 页 (80%) | 新增 0 | 跳过 8000
  → 450/499 页 (90%) | 新增 0 | 跳过 9000
  📊 完成: 新增 0, 跳过 9980, 扫描 500 页

📊 进度: 63/101 个月
   耗时: 79.5 min
   新增: 10,115 条
   速率: 7633 条/小时

[64/101] 已耗时 79.5min | 已新增 10115

=======================================================
📅 2023-04-01 ~ 2023-04-30
=======================================================
  总页数: 500 页, 每页 ~20 条
  → 50/499 页 (10%) | 新增 0 | 跳过 1000
  → 100/499 页 (20%) | 新增 0 | 跳过 2000
  → 150/499 页 (30%) | 新增 0 | 跳过 3000
  → 200/499 页 (40%) | 新增 0 | 跳过 4000
  → 250/499 页 (50%) | 新增 0 | 跳过 5000
  → 300/499 页 (60%) | 新增 0 | 跳过 6000
  → 350/499 页 (70%) | 新增 0 | 跳过 7000
  → 400/499 页 (80%) | 新增 0 | 跳过 8000
  → 450/499 页 (90%) | 新增 0 | 跳过 9000
  📊 完成: 新增 0, 跳过 9980, 扫描 500 页

[65/101] 已耗时 80.3min | 已新增 10115

=======================================================
📅 2023-05-01 ~ 2023-05-31
=======================================================
  总页数: 500 页, 每页 ~20 条
  → 50/499 页 (10%) | 新增 0 | 跳过 1000
  → 100/499 页 (20%) | 新增 0 | 跳过 2000
  → 150/499 页 (30%) | 新增 0 | 跳过 3000
  → 200/499 页 (40%) | 新增 0 | 跳过 4000
  → 250/499 页 (50%) | 新增 0 | 跳过 5000
  → 300/499 页 (60%) | 新增 0 | 跳过 6000
  → 350/499 页 (70%) | 新增 0 | 跳过 7000
  → 400/499 页 (80%) | 新增 0 | 跳过 8000
  → 450/499 页 (90%) | 新增 0 | 跳过 9000
  📊 完成: 新增 0, 跳过 9980, 扫描 500 页

[66/101] 已耗时 81.7min | 已新增 10115

=======================================================
📅 2023-06-01 ~ 2023-06-30
=======================================================
  总页数: 500 页, 每页 ~20 条
  → 50/499 页 (10%) | 新增 11 | 跳过 1000
  → 100/499 页 (20%) | 新增 11 | 跳过 2000
  → 150/499 页 (30%) | 新增 11 | 跳过 3000
  → 200/499 页 (40%) | 新增 11 | 跳过 4000
  → 250/499 页 (50%) | 新增 11 | 跳过 5000
  → 300/499 页 (60%) | 新增 11 | 跳过 6000
  → 350/499 页 (70%) | 新增 11 | 跳过 7000
  → 400/499 页 (80%) | 新增 11 | 跳过 8000
  → 450/499 页 (90%) | 新增 11 | 跳过 9000
  💾 已保存: 共 10126 条
  📊 完成: 新增 11, 跳过 9980, 扫描 500 页

📊 进度: 66/101 个月
   耗时: 82.4 min
   新增: 10,126 条
   速率: 7378 条/小时

[67/101] 已耗时 82.4min | 已新增 10126

=======================================================
📅 2023-07-01 ~ 2023-07-31
=======================================================
  总页数: 500 页, 每页 ~20 条
  → 50/499 页 (10%) | 新增 0 | 跳过 1000
  → 100/499 页 (20%) | 新增 0 | 跳过 2000
  → 150/499 页 (30%) | 新增 0 | 跳过 3000
  → 200/499 页 (40%) | 新增 0 | 跳过 4000
  → 250/499 页 (50%) | 新增 0 | 跳过 5000
  → 300/499 页 (60%) | 新增 0 | 跳过 6000
  → 350/499 页 (70%) | 新增 0 | 跳过 7000
  → 400/499 页 (80%) | 新增 0 | 跳过 8000
  → 450/499 页 (90%) | 新增 0 | 跳过 9000
  📊 完成: 新增 0, 跳过 9980, 扫描 500 页

[68/101] 已耗时 83.0min | 已新增 10126

=======================================================
📅 2023-08-01 ~ 2023-08-31
=======================================================
  总页数: 500 页, 每页 ~20 条
  → 50/499 页 (10%) | 新增 0 | 跳过 1000
  → 100/499 页 (20%) | 新增 0 | 跳过 2000
  → 150/499 页 (30%) | 新增 0 | 跳过 3000
  → 200/499 页 (40%) | 新增 0 | 跳过 4000
  → 250/499 页 (50%) | 新增 0 | 跳过 5000
  → 300/499 页 (60%) | 新增 0 | 跳过 6000
  → 350/499 页 (70%) | 新增 0 | 跳过 7000
  → 400/499 页 (80%) | 新增 0 | 跳过 8000
  → 450/499 页 (90%) | 新增 0 | 跳过 9000
  📊 完成: 新增 0, 跳过 9980, 扫描 500 页

[69/101] 已耗时 84.2min | 已新增 10126

=======================================================
📅 2023-09-01 ~ 2023-09-30
=======================================================
  总页数: 500 页, 每页 ~20 条
  → 50/499 页 (10%) | 新增 0 | 跳过 1000
  → 100/499 页 (20%) | 新增 0 | 跳过 2000
  → 150/499 页 (30%) | 新增 0 | 跳过 3000
  → 200/499 页 (40%) | 新增 0 | 跳过 4000
  → 250/499 页 (50%) | 新增 0 | 跳过 5000
  → 300/499 页 (60%) | 新增 0 | 跳过 6000
  → 350/499 页 (70%) | 新增 0 | 跳过 7000
  → 400/499 页 (80%) | 新增 0 | 跳过 8000
  → 450/499 页 (90%) | 新增 0 | 跳过 9000
  📊 完成: 新增 0, 跳过 9980, 扫描 500 页

📊 进度: 69/101 个月
   耗时: 85.0 min
   新增: 10,126 条
   速率: 7146 条/小时

[70/101] 已耗时 85.0min | 已新增 10126

=======================================================
📅 2023-10-01 ~ 2023-10-31
=======================================================
  总页数: 500 页, 每页 ~20 条
  → 50/499 页 (10%) | 新增 0 | 跳过 1000
  → 100/499 页 (20%) | 新增 0 | 跳过 2000
  → 150/499 页 (30%) | 新增 0 | 跳过 3000
  → 200/499 页 (40%) | 新增 0 | 跳过 4000
  → 250/499 页 (50%) | 新增 0 | 跳过 5000
  → 300/499 页 (60%) | 新增 0 | 跳过 6000
  → 350/499 页 (70%) | 新增 0 | 跳过 7000
  → 400/499 页 (80%) | 新增 0 | 跳过 8000
  → 450/499 页 (90%) | 新增 0 | 跳过 9000
  📊 完成: 新增 0, 跳过 9980, 扫描 500 页

[71/101] 已耗时 86.8min | 已新增 10126

=======================================================
📅 2023-11-01 ~ 2023-11-30
=======================================================
  总页数: 500 页, 每页 ~20 条
  → 50/499 页 (10%) | 新增 4 | 跳过 1000
  → 100/499 页 (20%) | 新增 4 | 跳过 2000
  → 150/499 页 (30%) | 新增 4 | 跳过 3000
  → 200/499 页 (40%) | 新增 4 | 跳过 4000
  → 250/499 页 (50%) | 新增 4 | 跳过 5000
  → 300/499 页 (60%) | 新增 4 | 跳过 6000
  → 350/499 页 (70%) | 新增 4 | 跳过 7000
  → 400/499 页 (80%) | 新增 4 | 跳过 8000
  → 450/499 页 (90%) | 新增 4 | 跳过 9000
  💾 已保存: 共 10130 条
  📊 完成: 新增 4, 跳过 9980, 扫描 500 页

[72/101] 已耗时 87.7min | 已新增 10130

=======================================================
📅 2023-12-01 ~ 2023-12-31
=======================================================
  总页数: 500 页, 每页 ~20 条
  → 50/499 页 (10%) | 新增 0 | 跳过 1000
  → 100/499 页 (20%) | 新增 0 | 跳过 2000
  → 150/499 页 (30%) | 新增 0 | 跳过 3000
  → 200/499 页 (40%) | 新增 0 | 跳过 4000
  → 250/499 页 (50%) | 新增 0 | 跳过 5000
  → 300/499 页 (60%) | 新增 0 | 跳过 6000
  → 350/499 页 (70%) | 新增 0 | 跳过 7000
  → 400/499 页 (80%) | 新增 0 | 跳过 8000
  → 450/499 页 (90%) | 新增 0 | 跳过 9000
  📊 完成: 新增 0, 跳过 9980, 扫描 500 页

📊 进度: 72/101 个月
   耗时: 88.6 min
   新增: 10,130 条
   速率: 6861 条/小时

[73/101] 已耗时 88.6min | 已新增 10130

=======================================================
📅 2024-01-01 ~ 2024-01-31
=======================================================
  总页数: 500 页, 每页 ~20 条
  → 50/499 页 (10%) | 新增 0 | 跳过 1000
  → 100/499 页 (20%) | 新增 0 | 跳过 2000
  → 150/499 页 (30%) | 新增 0 | 跳过 3000
  → 200/499 页 (40%) | 新增 0 | 跳过 4000
  → 250/499 页 (50%) | 新增 0 | 跳过 5000
  → 300/499 页 (60%) | 新增 0 | 跳过 6000
  → 350/499 页 (70%) | 新增 0 | 跳过 7000
  → 400/499 页 (80%) | 新增 0 | 跳过 8000
  → 450/499 页 (90%) | 新增 0 | 跳过 9000
  📊 完成: 新增 0, 跳过 9980, 扫描 500 页

[74/101] 已耗时 90.2min | 已新增 10130

=======================================================
📅 2024-02-01 ~ 2024-02-29
=======================================================
  总页数: 500 页, 每页 ~20 条
  → 50/499 页 (10%) | 新增 0 | 跳过 1000
  → 100/499 页 (20%) | 新增 0 | 跳过 2000
  → 150/499 页 (30%) | 新增 0 | 跳过 3000
  → 200/499 页 (40%) | 新增 0 | 跳过 4000
  → 250/499 页 (50%) | 新增 0 | 跳过 5000
  → 300/499 页 (60%) | 新增 0 | 跳过 6000
  → 350/499 页 (70%) | 新增 0 | 跳过 7000
  → 400/499 页 (80%) | 新增 0 | 跳过 8000
  → 450/499 页 (90%) | 新增 0 | 跳过 9000
  📊 完成: 新增 0, 跳过 9980, 扫描 500 页

[75/101] 已耗时 90.7min | 已新增 10130

=======================================================
📅 2024-03-01 ~ 2024-03-31
=======================================================
  总页数: 500 页, 每页 ~20 条
  → 50/499 页 (10%) | 新增 0 | 跳过 1000
  → 100/499 页 (20%) | 新增 0 | 跳过 2000
  → 150/499 页 (30%) | 新增 0 | 跳过 3000
  → 200/499 页 (40%) | 新增 0 | 跳过 4000
  → 250/499 页 (50%) | 新增 0 | 跳过 5000
  → 300/499 页 (60%) | 新增 0 | 跳过 6000
  → 350/499 页 (70%) | 新增 0 | 跳过 7000
  → 400/499 页 (80%) | 新增 0 | 跳过 8000
  → 450/499 页 (90%) | 新增 0 | 跳过 9000
  📊 完成: 新增 0, 跳过 9980, 扫描 500 页

📊 进度: 75/101 个月
   耗时: 92.0 min
   新增: 10,130 条
   速率: 6604 条/小时

[76/101] 已耗时 92.0min | 已新增 10130

=======================================================
📅 2024-04-01 ~ 2024-04-30
=======================================================
  总页数: 500 页, 每页 ~20 条
  → 50/499 页 (10%) | 新增 4 | 跳过 1000
  → 100/499 页 (20%) | 新增 4 | 跳过 2000
  → 150/499 页 (30%) | 新增 4 | 跳过 3000
  → 200/499 页 (40%) | 新增 4 | 跳过 4000
  → 250/499 页 (50%) | 新增 4 | 跳过 5000
  → 300/499 页 (60%) | 新增 4 | 跳过 6000
  → 350/499 页 (70%) | 新增 4 | 跳过 7000
  → 400/499 页 (80%) | 新增 4 | 跳过 8000
  → 450/499 页 (90%) | 新增 4 | 跳过 9000
  💾 已保存: 共 10134 条
  📊 完成: 新增 4, 跳过 9980, 扫描 500 页

[77/101] 已耗时 92.6min | 已新增 10134

=======================================================
📅 2024-05-01 ~ 2024-05-31
=======================================================
  总页数: 500 页, 每页 ~20 条
  → 50/499 页 (10%) | 新增 0 | 跳过 1000
  → 100/499 页 (20%) | 新增 0 | 跳过 2000
  → 150/499 页 (30%) | 新增 0 | 跳过 3000
  → 200/499 页 (40%) | 新增 0 | 跳过 4000
  → 250/499 页 (50%) | 新增 0 | 跳过 5000
  → 300/499 页 (60%) | 新增 0 | 跳过 6000
  → 350/499 页 (70%) | 新增 0 | 跳过 7000
  → 400/499 页 (80%) | 新增 0 | 跳过 8000
  → 450/499 页 (90%) | 新增 0 | 跳过 9000
  📊 完成: 新增 0, 跳过 9980, 扫描 500 页

[78/101] 已耗时 93.0min | 已新增 10134

=======================================================
📅 2024-06-01 ~ 2024-06-30
=======================================================
  总页数: 500 页, 每页 ~20 条
  → 50/499 页 (10%) | 新增 0 | 跳过 1000
  → 100/499 页 (20%) | 新增 0 | 跳过 2000
  → 150/499 页 (30%) | 新增 0 | 跳过 3000
  → 200/499 页 (40%) | 新增 0 | 跳过 4000
  → 250/499 页 (50%) | 新增 0 | 跳过 5000
  → 300/499 页 (60%) | 新增 0 | 跳过 6000
  → 350/499 页 (70%) | 新增 0 | 跳过 7000
  → 400/499 页 (80%) | 新增 0 | 跳过 8000
  → 450/499 页 (90%) | 新增 0 | 跳过 9000
  📊 完成: 新增 0, 跳过 9980, 扫描 500 页

📊 进度: 78/101 个月
   耗时: 93.6 min
   新增: 10,134 条
   速率: 6498 条/小时

[79/101] 已耗时 93.6min | 已新增 10134

=======================================================
📅 2024-07-01 ~ 2024-07-31
=======================================================
  总页数: 500 页, 每页 ~20 条
  → 50/499 页 (10%) | 新增 0 | 跳过 1000
  → 100/499 页 (20%) | 新增 0 | 跳过 2000
  → 150/499 页 (30%) | 新增 0 | 跳过 3000
  → 200/499 页 (40%) | 新增 0 | 跳过 4000
  → 250/499 页 (50%) | 新增 0 | 跳过 5000
  → 300/499 页 (60%) | 新增 0 | 跳过 6000
  → 350/499 页 (70%) | 新增 0 | 跳过 7000
  → 400/499 页 (80%) | 新增 0 | 跳过 8000
  → 450/499 页 (90%) | 新增 0 | 跳过 9000
  📊 完成: 新增 0, 跳过 9980, 扫描 500 页

[80/101] 已耗时 94.0min | 已新增 10134

=======================================================
📅 2024-08-01 ~ 2024-08-31
=======================================================
  总页数: 500 页, 每页 ~20 条
  → 50/499 页 (10%) | 新增 0 | 跳过 1000
  → 100/499 页 (20%) | 新增 0 | 跳过 2000
  → 150/499 页 (30%) | 新增 0 | 跳过 3000
  → 200/499 页 (40%) | 新增 0 | 跳过 4000
  → 250/499 页 (50%) | 新增 0 | 跳过 5000
  → 300/499 页 (60%) | 新增 0 | 跳过 6000
  → 350/499 页 (70%) | 新增 0 | 跳过 7000
  → 400/499 页 (80%) | 新增 0 | 跳过 8000
  → 450/499 页 (90%) | 新增 0 | 跳过 9000
  📊 完成: 新增 0, 跳过 9980, 扫描 500 页

[81/101] 已耗时 94.8min | 已新增 10134

=======================================================
📅 2024-09-01 ~ 2024-09-30
=======================================================
  总页数: 500 页, 每页 ~20 条
  → 50/499 页 (10%) | 新增 0 | 跳过 1000
  → 100/499 页 (20%) | 新增 0 | 跳过 2000
  → 150/499 页 (30%) | 新增 0 | 跳过 3000
  → 200/499 页 (40%) | 新增 0 | 跳过 4000
  → 250/499 页 (50%) | 新增 0 | 跳过 5000
  → 300/499 页 (60%) | 新增 0 | 跳过 6000
  → 350/499 页 (70%) | 新增 0 | 跳过 7000
  → 400/499 页 (80%) | 新增 0 | 跳过 8000
  → 450/499 页 (90%) | 新增 0 | 跳过 9000
  📊 完成: 新增 0, 跳过 9980, 扫描 500 页

📊 进度: 81/101 个月
   耗时: 95.5 min
   新增: 10,134 条
   速率: 6370 条/小时

[82/101] 已耗时 95.5min | 已新增 10134

=======================================================
📅 2024-10-01 ~ 2024-10-31
=======================================================
  总页数: 500 页, 每页 ~20 条
  → 50/499 页 (10%) | 新增 0 | 跳过 1000
  → 100/499 页 (20%) | 新增 0 | 跳过 2000
  → 150/499 页 (30%) | 新增 0 | 跳过 3000
  → 200/499 页 (40%) | 新增 0 | 跳过 4000
  → 250/499 页 (50%) | 新增 0 | 跳过 5000
  → 300/499 页 (60%) | 新增 0 | 跳过 6000
  → 350/499 页 (70%) | 新增 0 | 跳过 7000
  → 400/499 页 (80%) | 新增 0 | 跳过 8000
  → 450/499 页 (90%) | 新增 0 | 跳过 9000
  📊 完成: 新增 0, 跳过 9980, 扫描 500 页

[83/101] 已耗时 96.0min | 已新增 10134

=======================================================
📅 2024-11-01 ~ 2024-11-30
=======================================================
  总页数: 500 页, 每页 ~20 条
  → 50/499 页 (10%) | 新增 0 | 跳过 1000
  → 100/499 页 (20%) | 新增 0 | 跳过 2000
  → 150/499 页 (30%) | 新增 0 | 跳过 3000
  → 200/499 页 (40%) | 新增 0 | 跳过 4000
  → 250/499 页 (50%) | 新增 0 | 跳过 5000
  → 300/499 页 (60%) | 新增 0 | 跳过 6000
  → 350/499 页 (70%) | 新增 0 | 跳过 7000
  → 400/499 页 (80%) | 新增 0 | 跳过 8000
  → 450/499 页 (90%) | 新增 0 | 跳过 9000
  📊 完成: 新增 0, 跳过 9980, 扫描 500 页

[84/101] 已耗时 97.3min | 已新增 10134

=======================================================
📅 2024-12-01 ~ 2024-12-31
=======================================================
  总页数: 500 页, 每页 ~20 条
  → 50/499 页 (10%) | 新增 8 | 跳过 1000
  → 100/499 页 (20%) | 新增 8 | 跳过 2000
  → 150/499 页 (30%) | 新增 8 | 跳过 3000
  → 200/499 页 (40%) | 新增 8 | 跳过 4000
  → 250/499 页 (50%) | 新增 8 | 跳过 5000
  → 300/499 页 (60%) | 新增 8 | 跳过 6000
  → 350/499 页 (70%) | 新增 8 | 跳过 7000
  → 400/499 页 (80%) | 新增 8 | 跳过 8000
  → 450/499 页 (90%) | 新增 8 | 跳过 9000
  💾 已保存: 共 10142 条
  📊 完成: 新增 8, 跳过 9980, 扫描 500 页

📊 进度: 84/101 个月
   耗时: 97.8 min
   新增: 10,142 条
   速率: 6220 条/小时

[85/101] 已耗时 97.8min | 已新增 10142

=======================================================
📅 2025-01-01 ~ 2025-01-31
=======================================================
  总页数: 500 页, 每页 ~20 条
  → 50/499 页 (10%) | 新增 0 | 跳过 1000
  → 100/499 页 (20%) | 新增 0 | 跳过 2000
  → 150/499 页 (30%) | 新增 0 | 跳过 3000
  → 200/499 页 (40%) | 新增 0 | 跳过 4000
  → 250/499 页 (50%) | 新增 0 | 跳过 5000
  → 300/499 页 (60%) | 新增 0 | 跳过 6000
  → 350/499 页 (70%) | 新增 0 | 跳过 7000
  → 400/499 页 (80%) | 新增 0 | 跳过 8000
  → 450/499 页 (90%) | 新增 0 | 跳过 9000
  📊 完成: 新增 0, 跳过 9980, 扫描 500 页

[86/101] 已耗时 98.3min | 已新增 10142

=======================================================
📅 2025-02-01 ~ 2025-02-28
=======================================================
  总页数: 500 页, 每页 ~20 条
  → 50/499 页 (10%) | 新增 0 | 跳过 1000
  → 100/499 页 (20%) | 新增 0 | 跳过 2000
  → 150/499 页 (30%) | 新增 0 | 跳过 3000
  → 200/499 页 (40%) | 新增 0 | 跳过 4000
  → 250/499 页 (50%) | 新增 0 | 跳过 5000
  → 300/499 页 (60%) | 新增 0 | 跳过 6000
  → 350/499 页 (70%) | 新增 0 | 跳过 7000
  → 400/499 页 (80%) | 新增 0 | 跳过 8000
  → 450/499 页 (90%) | 新增 0 | 跳过 9000
  📊 完成: 新增 0, 跳过 9980, 扫描 500 页

[87/101] 已耗时 98.8min | 已新增 10142

=======================================================
📅 2025-03-01 ~ 2025-03-31
=======================================================
  总页数: 500 页, 每页 ~20 条
  → 50/499 页 (10%) | 新增 0 | 跳过 1000
  → 100/499 页 (20%) | 新增 0 | 跳过 2000
  → 150/499 页 (30%) | 新增 0 | 跳过 3000
  → 200/499 页 (40%) | 新增 0 | 跳过 4000
  → 250/499 页 (50%) | 新增 0 | 跳过 5000
  → 300/499 页 (60%) | 新增 0 | 跳过 6000
  → 350/499 页 (70%) | 新增 0 | 跳过 7000
  → 400/499 页 (80%) | 新增 0 | 跳过 8000
  → 450/499 页 (90%) | 新增 0 | 跳过 9000
  📊 完成: 新增 0, 跳过 9980, 扫描 500 页

📊 进度: 87/101 个月
   耗时: 99.3 min
   新增: 10,142 条
   速率: 6130 条/小时

[88/101] 已耗时 99.3min | 已新增 10142

=======================================================
📅 2025-04-01 ~ 2025-04-30
=======================================================
  总页数: 500 页, 每页 ~20 条
  → 50/499 页 (10%) | 新增 0 | 跳过 1000
  → 100/499 页 (20%) | 新增 0 | 跳过 2000
  → 150/499 页 (30%) | 新增 0 | 跳过 3000
  → 200/499 页 (40%) | 新增 0 | 跳过 4000
  → 250/499 页 (50%) | 新增 0 | 跳过 5000
  → 300/499 页 (60%) | 新增 0 | 跳过 6000
  → 350/499 页 (70%) | 新增 0 | 跳过 7000
  → 400/499 页 (80%) | 新增 0 | 跳过 8000
  → 450/499 页 (90%) | 新增 0 | 跳过 9000
  📊 完成: 新增 0, 跳过 9980, 扫描 500 页

[89/101] 已耗时 100.6min | 已新增 10142

=======================================================
📅 2025-05-01 ~ 2025-05-31
=======================================================
  总页数: 500 页, 每页 ~20 条
  → 50/499 页 (10%) | 新增 0 | 跳过 1000
  → 100/499 页 (20%) | 新增 0 | 跳过 2000
  → 150/499 页 (30%) | 新增 0 | 跳过 3000
  → 200/499 页 (40%) | 新增 0 | 跳过 4000
  → 250/499 页 (50%) | 新增 0 | 跳过 5000
  → 300/499 页 (60%) | 新增 0 | 跳过 6000
  → 350/499 页 (70%) | 新增 0 | 跳过 7000
  → 400/499 页 (80%) | 新增 0 | 跳过 8000
  → 450/499 页 (90%) | 新增 0 | 跳过 9000
  📊 完成: 新增 0, 跳过 9980, 扫描 500 页

[90/101] 已耗时 101.0min | 已新增 10142

=======================================================
📅 2025-06-01 ~ 2025-06-30
=======================================================
  总页数: 500 页, 每页 ~20 条
  → 50/499 页 (10%) | 新增 0 | 跳过 1000
  → 100/499 页 (20%) | 新增 0 | 跳过 2000
  → 150/499 页 (30%) | 新增 0 | 跳过 3000
  → 200/499 页 (40%) | 新增 0 | 跳过 4000
  → 250/499 页 (50%) | 新增 0 | 跳过 5000
  → 300/499 页 (60%) | 新增 0 | 跳过 6000
  → 350/499 页 (70%) | 新增 0 | 跳过 7000
  → 400/499 页 (80%) | 新增 0 | 跳过 8000
  → 450/499 页 (90%) | 新增 0 | 跳过 9000
  📊 完成: 新增 0, 跳过 9980, 扫描 500 页

📊 进度: 90/101 个月
   耗时: 101.8 min
   新增: 10,142 条
   速率: 5976 条/小时

[91/101] 已耗时 101.8min | 已新增 10142

=======================================================
📅 2025-07-01 ~ 2025-07-31
=======================================================
  总页数: 500 页, 每页 ~20 条
  → 50/499 页 (10%) | 新增 0 | 跳过 1000
  → 100/499 页 (20%) | 新增 0 | 跳过 2000
  → 150/499 页 (30%) | 新增 0 | 跳过 3000
  → 200/499 页 (40%) | 新增 0 | 跳过 4000
  → 250/499 页 (50%) | 新增 0 | 跳过 5000
  → 300/499 页 (60%) | 新增 0 | 跳过 6000
  → 350/499 页 (70%) | 新增 0 | 跳过 7000
  → 400/499 页 (80%) | 新增 0 | 跳过 8000
  → 450/499 页 (90%) | 新增 0 | 跳过 9000
  📊 完成: 新增 0, 跳过 9980, 扫描 500 页

[92/101] 已耗时 102.7min | 已新增 10142

=======================================================
📅 2025-08-01 ~ 2025-08-31
=======================================================
  总页数: 500 页, 每页 ~20 条
  → 50/499 页 (10%) | 新增 2 | 跳过 1000
  → 100/499 页 (20%) | 新增 2 | 跳过 2000
  → 150/499 页 (30%) | 新增 2 | 跳过 3000
  → 200/499 页 (40%) | 新增 2 | 跳过 4000
  → 250/499 页 (50%) | 新增 2 | 跳过 5000
  → 300/499 页 (60%) | 新增 2 | 跳过 6000
  → 350/499 页 (70%) | 新增 2 | 跳过 7000
  → 400/499 页 (80%) | 新增 2 | 跳过 8000
  → 450/499 页 (90%) | 新增 2 | 跳过 9000
  💾 已保存: 共 10144 条
  📊 完成: 新增 2, 跳过 9980, 扫描 500 页

[93/101] 已耗时 103.2min | 已新增 10144

=======================================================
📅 2025-09-01 ~ 2025-09-30
=======================================================
  总页数: 500 页, 每页 ~20 条
  → 50/499 页 (10%) | 新增 0 | 跳过 1000
  → 100/499 页 (20%) | 新增 0 | 跳过 2000
  → 150/499 页 (30%) | 新增 0 | 跳过 3000
  → 200/499 页 (40%) | 新增 0 | 跳过 4000
  → 250/499 页 (50%) | 新增 0 | 跳过 5000
  → 300/499 页 (60%) | 新增 0 | 跳过 6000
  → 350/499 页 (70%) | 新增 0 | 跳过 7000
  → 400/499 页 (80%) | 新增 0 | 跳过 8000
  → 450/499 页 (90%) | 新增 0 | 跳过 9000
  📊 完成: 新增 0, 跳过 9980, 扫描 500 页

📊 进度: 93/101 个月
   耗时: 103.7 min
   新增: 10,144 条
   速率: 5872 条/小时

[94/101] 已耗时 103.7min | 已新增 10144

=======================================================
📅 2025-10-01 ~ 2025-10-31
=======================================================
  总页数: 500 页, 每页 ~20 条
  → 50/499 页 (10%) | 新增 0 | 跳过 1000
  → 100/499 页 (20%) | 新增 0 | 跳过 2000
  → 150/499 页 (30%) | 新增 0 | 跳过 3000
  → 200/499 页 (40%) | 新增 0 | 跳过 4000
  → 250/499 页 (50%) | 新增 0 | 跳过 5000
  → 300/499 页 (60%) | 新增 0 | 跳过 6000
  → 350/499 页 (70%) | 新增 0 | 跳过 7000
  → 400/499 页 (80%) | 新增 0 | 跳过 8000
  → 450/499 页 (90%) | 新增 0 | 跳过 9000
  📊 完成: 新增 0, 跳过 9980, 扫描 500 页

[95/101] 已耗时 104.2min | 已新增 10144

=======================================================
📅 2025-11-01 ~ 2025-11-30
=======================================================
  总页数: 500 页, 每页 ~20 条
  → 50/499 页 (10%) | 新增 0 | 跳过 1000
  → 100/499 页 (20%) | 新增 0 | 跳过 2000
  → 150/499 页 (30%) | 新增 0 | 跳过 3000
  → 200/499 页 (40%) | 新增 0 | 跳过 4000
  → 250/499 页 (50%) | 新增 0 | 跳过 5000
  → 300/499 页 (60%) | 新增 0 | 跳过 6000
  → 350/499 页 (70%) | 新增 0 | 跳过 7000
  → 400/499 页 (80%) | 新增 0 | 跳过 8000
  → 450/499 页 (90%) | 新增 0 | 跳过 9000
  📊 完成: 新增 0, 跳过 9980, 扫描 500 页

[96/101] 已耗时 104.7min | 已新增 10144

=======================================================
📅 2025-12-01 ~ 2025-12-31
=======================================================
  总页数: 500 页, 每页 ~20 条
  → 50/499 页 (10%) | 新增 0 | 跳过 1000
  → 100/499 页 (20%) | 新增 0 | 跳过 2000
  → 150/499 页 (30%) | 新增 0 | 跳过 3000
  → 200/499 页 (40%) | 新增 0 | 跳过 4000
  → 250/499 页 (50%) | 新增 0 | 跳过 5000
  → 300/499 页 (60%) | 新增 0 | 跳过 6000
  → 350/499 页 (70%) | 新增 0 | 跳过 7000
  → 400/499 页 (80%) | 新增 0 | 跳过 8000
  → 450/499 页 (90%) | 新增 0 | 跳过 9000
  📊 完成: 新增 0, 跳过 9980, 扫描 500 页

📊 进度: 96/101 个月
   耗时: 105.7 min
   新增: 10,144 条
   速率: 5757 条/小时

[97/101] 已耗时 105.7min | 已新增 10144

=======================================================
📅 2026-01-01 ~ 2026-01-31
=======================================================
  总页数: 500 页, 每页 ~20 条
  → 50/499 页 (10%) | 新增 0 | 跳过 1000
  → 100/499 页 (20%) | 新增 0 | 跳过 2000
  → 150/499 页 (30%) | 新增 0 | 跳过 3000
  → 200/499 页 (40%) | 新增 0 | 跳过 4000
  → 250/499 页 (50%) | 新增 0 | 跳过 5000
  → 300/499 页 (60%) | 新增 0 | 跳过 6000
  → 350/499 页 (70%) | 新增 0 | 跳过 7000
  → 400/499 页 (80%) | 新增 0 | 跳过 8000
  → 450/499 页 (90%) | 新增 0 | 跳过 9000
  📊 完成: 新增 0, 跳过 9980, 扫描 500 页

[98/101] 已耗时 106.2min | 已新增 10144

=======================================================
📅 2026-02-01 ~ 2026-02-28
=======================================================
  总页数: 500 页, 每页 ~20 条
  → 50/499 页 (10%) | 新增 0 | 跳过 1000
  → 100/499 页 (20%) | 新增 0 | 跳过 2000
  → 150/499 页 (30%) | 新增 0 | 跳过 3000
  → 200/499 页 (40%) | 新增 0 | 跳过 4000
  → 250/499 页 (50%) | 新增 0 | 跳过 5000
  → 300/499 页 (60%) | 新增 0 | 跳过 6000
  → 350/499 页 (70%) | 新增 0 | 跳过 7000
  → 400/499 页 (80%) | 新增 0 | 跳过 8000
  → 450/499 页 (90%) | 新增 0 | 跳过 9000
  📊 完成: 新增 0, 跳过 9980, 扫描 500 页

[99/101] 已耗时 107.1min | 已新增 10144

=======================================================
📅 2026-03-01 ~ 2026-03-31
=======================================================
  总页数: 500 页, 每页 ~20 条
  → 50/499 页 (10%) | 新增 0 | 跳过 1000
  → 100/499 页 (20%) | 新增 0 | 跳过 2000
  → 150/499 页 (30%) | 新增 0 | 跳过 3000
  → 200/499 页 (40%) | 新增 0 | 跳过 4000
  → 250/499 页 (50%) | 新增 0 | 跳过 5000
  → 300/499 页 (60%) | 新增 0 | 跳过 6000
  → 350/499 页 (70%) | 新增 0 | 跳过 7000
  → 400/499 页 (80%) | 新增 0 | 跳过 8000
  → 450/499 页 (90%) | 新增 0 | 跳过 9000
  📊 完成: 新增 0, 跳过 9980, 扫描 500 页

📊 进度: 99/101 个月
   耗时: 109.3 min
   新增: 10,144 条
   速率: 5567 条/小时

[100/101] 已耗时 109.3min | 已新增 10144

=======================================================
📅 2026-04-01 ~ 2026-04-30
=======================================================
  总页数: 500 页, 每页 ~20 条
  → 50/499 页 (10%) | 新增 5 | 跳过 1000
  → 100/499 页 (20%) | 新增 5 | 跳过 2000
  → 150/499 页 (30%) | 新增 5 | 跳过 3000
  → 200/499 页 (40%) | 新增 5 | 跳过 4000
  → 250/499 页 (50%) | 新增 5 | 跳过 5000
  → 300/499 页 (60%) | 新增 5 | 跳过 6000
  → 350/499 页 (70%) | 新增 5 | 跳过 7000
  → 400/499 页 (80%) | 新增 5 | 跳过 8000
  → 450/499 页 (90%) | 新增 5 | 跳过 9000
  💾 已保存: 共 10149 条
  📊 完成: 新增 5, 跳过 9980, 扫描 500 页

[101/101] 已耗时 110.8min | 已新增 10149

=======================================================
📅 2026-05-01 ~ 2026-05-31
=======================================================
  总页数: 500 页, 每页 ~20 条
  → 50/499 页 (10%) | 新增 0 | 跳过 1000
  → 100/499 页 (20%) | 新增 0 | 跳过 2000
  → 150/499 页 (30%) | 新增 0 | 跳过 3000
  → 200/499 页 (40%) | 新增 0 | 跳过 4000
  → 250/499 页 (50%) | 新增 0 | 跳过 5000
  → 300/499 页 (60%) | 新增 0 | 跳过 6000
  → 350/499 页 (70%) | 新增 0 | 跳过 7000
  → 400/499 页 (80%) | 新增 0 | 跳过 8000
  → 450/499 页 (90%) | 新增 0 | 跳过 9000
  📊 完成: 新增 0, 跳过 9980, 扫描 500 页

📊 进度: 101/101 个月
   耗时: 116.0 min
   新增: 10,149 条
   速率: 5249 条/小时

=======================================================
✅ 全量扫描完成!
   新增: 10,149 条
   总计: 10,149 条
   总耗时: 116.0 min

📈 月份分布 (前10):
   2026-05: 10,149 条
