[2026-05-31 04:02:05] ============================================================
[2026-05-31 04:02:05] 开始全量月度爬取
[2026-05-31 04:02:05] ============================================================
[2026-05-31 04:02:05] 共 188 个平台待爬取
[2026-05-31 04:02:05] 
[1/188] 甘肃公共资源交易中心
[2026-05-31 04:02:05]   爬取: 甘肃公共资源交易中心 (https://ggzyjy.gansu.gov.cn)
[2026-05-31 04:02:06]     ✗ 未找到标讯
[2026-05-31 04:02:08] 
[2/188] 中国政府采购网甘肃站
[2026-05-31 04:02:08]   爬取: 中国政府采购网甘肃站 (https://www.ccgp-gansu.gov.cn)
[2026-05-31 04:02:08]     ✗ 未找到标讯
[2026-05-31 04:02:10] 
[3/188] 甘肃住建厅
[2026-05-31 04:02:10]   爬取: 甘肃住建厅 (https://zjt.gansu.gov.cn)
[2026-05-31 04:02:10]     ✗ 未找到标讯
[2026-05-31 04:02:12] 
[4/188] 甘肃交通运输厅
[2026-05-31 04:02:12]   爬取: 甘肃交通运输厅 (https://jtys.gansu.gov.cn)
[2026-05-31 04:02:12]     ✗ 未找到标讯
[2026-05-31 04:02:14] 
[5/188] 甘肃水利厅
[2026-05-31 04:02:14]   爬取: 甘肃水利厅 (https://slt.gansu.gov.cn)
[2026-05-31 04:02:15]     ✗ 未找到标讯
[2026-05-31 04:02:17] 
[6/188] 甘肃教育厅
[2026-05-31 04:02:17]   爬取: 甘肃教育厅 (https://jyt.gansu.gov.cn)
[2026-05-31 04:02:17]     ✗ 未找到标讯
[2026-05-31 04:02:19] 
[7/188] 甘肃卫健委
[2026-05-31 04:02:19]   爬取: 甘肃卫健委 (https://wsjk.gansu.gov.cn)
[2026-05-31 04:02:21]     ✗ 未找到标讯
[2026-05-31 04:02:23] 
[8/188] 甘肃农业农村厅
[2026-05-31 04:02:23]   爬取: 甘肃农业农村厅 (https://nync.gansu.gov.cn)
[2026-05-31 04:02:24]     ✗ 未找到标讯
[2026-05-31 04:02:26] 
[9/188] 甘肃自然资源厅
[2026-05-31 04:02:26]   爬取: 甘肃自然资源厅 (https://zrzy.gansu.gov.cn)
[2026-05-31 04:02:26]     ✗ 未找到标讯
[2026-05-31 04:02:28] 
[10/188] 甘肃生态环境厅
[2026-05-31 04:02:28]   爬取: 甘肃生态环境厅 (https://sthj.gansu.gov.cn)
[2026-05-31 04:02:28]     ✗ 未找到标讯
[2026-05-31 04:02:30] 
[11/188] 甘肃文旅厅
[2026-05-31 04:02:30]   爬取: 甘肃文旅厅 (https://wlt.gansu.gov.cn)
[2026-05-31 04:02:31]     ✗ 未找到标讯
[2026-05-31 04:02:33] 
[12/188] 宁夏公共资源交易中心
[2026-05-31 04:02:33]   爬取: 宁夏公共资源交易中心 (https://ggzyjy.fzggw.nx.gov.cn)
[2026-05-31 04:02:33]     找到 76 条标讯
[2026-05-31 04:02:33]     近一个月: 73 条
