2026-05-26 06:12:32,775 [plap-full] 采购公告: 11052条
2026-05-26 06:13:47,785 [plap-full]   采购公告 100页=1980条
2026-05-26 06:15:06,464 [plap-full]   采购公告 200页=3980条
2026-05-26 06:16:23,667 [plap-full]   采购公告 300页=5980条
2026-05-26 06:17:43,240 [plap-full]   采购公告 400页=7980条
2026-05-26 06:19:00,154 [plap-full]   采购公告 500页=9980条
2026-05-26 06:19:08,330 [plap-full]   ✓ 采购公告: 10000条
2026-05-26 06:19:09,868 [plap-full] 采购结果公示: 9424条
2026-05-26 06:20:18,280 [plap-full]   采购结果公示 100页=1980条
2026-05-26 06:21:27,697 [plap-full]   采购结果公示 200页=3980条
2026-05-26 06:22:39,255 [plap-full]   采购结果公示 300页=5980条
2026-05-26 06:23:49,474 [plap-full]   采购结果公示 400页=7980条
2026-05-26 06:24:40,038 [plap-full]   ✓ 采购结果公示: 9424条
2026-05-26 06:24:41,349 [plap-full] 采购意向公开: 1768条
2026-05-26 06:25:41,815 [plap-full]   ✓ 采购意向公开: 1768条
2026-05-26 06:25:43,175 [plap-full] 采购需求公示: 1284条
2026-05-26 06:26:28,248 [plap-full]   ✓ 采购需求公示: 1284条
2026-05-26 06:26:29,359 [plap-full] 原始22476→转换22476
2026-05-26 06:26:29,390 [plap-full] 去重后: 22215条
2026-05-26 06:26:29,721 [plap-full] ✅ 完成! 22215条
DONE:22215
