2026-05-26 07:00:02,161 [plap] 📂 已有数据: 22215条
2026-05-26 07:00:02,161 [plap] 🕷️ 每日快速增量模式...
2026-05-26 07:00:02,838 [plap]   采购公告: 共11052条
2026-05-26 07:00:07,962 [plap]   ✓ 采购公告: 抓取100条(共11052)
2026-05-26 07:00:09,017 [plap]   采购结果公示: 共9424条
2026-05-26 07:00:13,251 [plap]   ✓ 采购结果公示: 抓取100条(共9424)
2026-05-26 07:00:14,118 [plap]   采购意向公开: 共1768条
2026-05-26 07:00:16,520 [plap]   ✓ 采购意向公开: 抓取60条(共1768)
2026-05-26 07:00:17,622 [plap]   采购需求公示: 共1284条
2026-05-26 07:00:18,975 [plap]   ✓ 采购需求公示: 抓取40条(共1284)
2026-05-26 07:00:19,475 [plap] 📦 全量: 300条
2026-05-26 07:00:19,476 [plap] 🔍 去重后: 299条
2026-05-26 07:00:19,476 [plap] 📊 统计: 有预算18, 有项目号275, 有截止18
2026-05-26 07:00:19,481 [plap] 💾 已保存 299 条 → /home/hermes/projects/bidding-site/data/bids-plap.json
2026-05-26 07:00:19,482 [plap] ✅ 完成! 总计 299 条
2026-05-27 07:00:01,547 [plap] 📂 已有数据: 299条
2026-05-27 07:00:01,548 [plap] 🕷️ 每日快速增量模式...
2026-05-27 07:00:02,469 [plap]   采购公告: 共11594条
2026-05-27 07:00:07,139 [plap]   ✓ 采购公告: 抓取100条(共11594)
2026-05-27 07:00:08,237 [plap]   采购结果公示: 共9861条
2026-05-27 07:00:12,780 [plap]   ✓ 采购结果公示: 抓取100条(共9861)
2026-05-27 07:00:13,617 [plap]   采购意向公开: 共1826条
2026-05-27 07:00:15,796 [plap]   ✓ 采购意向公开: 抓取60条(共1826)
2026-05-27 07:00:16,653 [plap]   采购需求公示: 共1348条
2026-05-27 07:00:18,021 [plap]   ✓ 采购需求公示: 抓取40条(共1348)
2026-05-27 07:00:18,522 [plap] 📦 全量: 300条
2026-05-27 07:00:18,522 [plap] 🔍 去重后: 300条
2026-05-27 07:00:18,522 [plap] 📊 统计: 有预算8, 有项目号275, 有截止8
2026-05-27 07:00:18,528 [plap] 💾 已保存 300 条 → /home/hermes/projects/bidding-site/data/bids-plap.json
2026-05-27 07:00:18,528 [plap] ✅ 完成! 总计 300 条
2026-05-28 07:00:01,122 [plap] 📂 已有数据: 300条
2026-05-28 07:00:01,122 [plap] 🕷️ 每日快速增量模式...
2026-05-28 07:00:01,737 [plap]   采购公告: 共11019条
2026-05-28 07:00:06,297 [plap]   ✓ 采购公告: 抓取100条(共11019)
2026-05-28 07:00:07,148 [plap]   采购结果公示: 共9305条
2026-05-28 07:00:11,157 [plap]   ✓ 采购结果公示: 抓取100条(共9305)
2026-05-28 07:00:11,974 [plap]   采购意向公开: 共1721条
2026-05-28 07:00:14,612 [plap]   ✓ 采购意向公开: 抓取60条(共1721)
2026-05-28 07:00:15,483 [plap]   采购需求公示: 共1260条
2026-05-28 07:00:17,079 [plap]   ✓ 采购需求公示: 抓取40条(共1260)
2026-05-28 07:00:17,580 [plap] 📦 全量: 300条
2026-05-28 07:00:17,580 [plap] 🔍 去重后: 300条
2026-05-28 07:00:17,580 [plap] 📊 统计: 有预算20, 有项目号276, 有截止20
2026-05-28 07:00:17,584 [plap] 💾 已保存 300 条 → /home/hermes/projects/bidding-site/data/bids-plap.json
2026-05-28 07:00:17,584 [plap] ✅ 完成! 总计 300 条
2026-05-29 07:00:01,657 [plap] 📂 已有数据: 300条
2026-05-29 07:00:01,657 [plap] 🕷️ 每日快速增量模式...
2026-05-29 07:00:03,553 [plap]   采购公告: 共11551条
2026-05-29 07:00:08,702 [plap]   ✓ 采购公告: 抓取100条(共11551)
2026-05-29 07:00:09,751 [plap]   采购结果公示: 共9720条
2026-05-29 07:00:14,257 [plap]   ✓ 采购结果公示: 抓取100条(共9720)
2026-05-29 07:00:15,082 [plap]   采购意向公开: 共1745条
2026-05-29 07:00:17,481 [plap]   ✓ 采购意向公开: 抓取60条(共1745)
2026-05-29 07:00:18,314 [plap]   采购需求公示: 共1303条
2026-05-29 07:00:19,663 [plap]   ✓ 采购需求公示: 抓取40条(共1303)
2026-05-29 07:00:20,164 [plap] 📦 全量: 300条
2026-05-29 07:00:20,165 [plap] 🔍 去重后: 300条
2026-05-29 07:00:20,165 [plap] 📊 统计: 有预算20, 有项目号263, 有截止20
2026-05-29 07:00:20,178 [plap] 💾 已保存 300 条 → /home/hermes/projects/bidding-site/data/bids-plap.json
2026-05-29 07:00:20,178 [plap] ✅ 完成! 总计 300 条
2026-05-30 07:00:01,811 [plap] 📂 已有数据: 300条
2026-05-30 07:00:01,813 [plap] 🕷️ 每日快速增量模式...
2026-05-30 07:00:02,662 [plap]   采购公告: 共10972条
2026-05-30 07:00:07,220 [plap]   ✓ 采购公告: 抓取100条(共10972)
2026-05-30 07:00:08,029 [plap]   采购结果公示: 共9176条
2026-05-30 07:00:12,269 [plap]   ✓ 采购结果公示: 抓取100条(共9176)
2026-05-30 07:00:13,090 [plap]   采购意向公开: 共1665条
2026-05-30 07:00:15,466 [plap]   ✓ 采购意向公开: 抓取60条(共1665)
2026-05-30 07:00:16,327 [plap]   采购需求公示: 共1270条
2026-05-30 07:00:17,678 [plap]   ✓ 采购需求公示: 抓取40条(共1270)
2026-05-30 07:00:18,179 [plap] 📦 全量: 300条
2026-05-30 07:00:18,180 [plap] 🔍 去重后: 299条
2026-05-30 07:00:18,181 [plap] 📊 统计: 有预算21, 有项目号272, 有截止21
2026-05-30 07:00:18,195 [plap] 💾 已保存 299 条 → /home/hermes/projects/bidding-site/data/bids-plap.json
2026-05-30 07:00:18,196 [plap] ✅ 完成! 总计 299 条
