[2026-05-26_05:00] === 开始每日全覆盖 ===
[2026-05-26_05:00] 31省CCGP...
==================================================
✅ 本次采集: 458 条（去重后）
  新增到bids.json: 111 条
[2026-05-26_05:00] 31省厅局...
==================================================
✅ 本次采集: 360 条（去重后）
  新增到bids.json: 48 条
[2026-05-26_05:00] GGZY...

✅ 采集: 433条
  新增到bids.json: 16条
[2026-05-26_05:00] 广东全省API...
🔍 广东公共资源交易平台API — 2026-05-26
  [GDGGZY] 广东API → 214条
  新增到bids.json: 0条
[2026-05-26_05:00] 省CCGP深度...

✅ 共探测 31 省, 发现 36 个频道, 采集 0 条
  新增到bids.json: 0条
[2026-05-26_05:00] === 完成 ===
[2026-05-27_05:00] === 开始每日全覆盖 ===
[2026-05-27_05:00] 31省CCGP...
==================================================
✅ 本次采集: 493 条（去重后）
  新增到bids.json: 350 条
[2026-05-27_05:00] 31省厅局...
==================================================
✅ 本次采集: 365 条（去重后）
  新增到bids.json: 80 条
[2026-05-27_05:00] GGZY...

✅ 采集: 458条
  新增到bids.json: 131条
[2026-05-27_05:00] 广东全省API...
🔍 广东公共资源交易平台API — 2026-05-27
  [GDGGZY] 广东API → 350条
  新增到bids.json: 350条
[2026-05-27_05:00] 省CCGP深度...

✅ 共探测 31 省, 发现 36 个频道, 采集 0 条
  新增到bids.json: 0条
[2026-05-27_05:00] === 完成 ===
[2026-05-27_05:30] === 开始每日全覆盖 ===
[2026-05-27_05:30] 31省CCGP...
==================================================
✅ 本次采集: 510 条（去重后）
  新增到bids.json: 1 条
[2026-05-27_05:30] 31省厅局...
==================================================
✅ 本次采集: 353 条（去重后）
  新增到bids.json: 3 条
[2026-05-27_05:30] GGZY...

✅ 采集: 437条
  新增到bids.json: 1条
[2026-05-27_05:30] 广东全省API...
🔍 广东公共资源交易平台API — 2026-05-27
  [GDGGZY] 广东API → 350条
  新增到bids.json: 0条
[2026-05-27_05:30] 省CCGP深度...

✅ 共探测 31 省, 发现 36 个频道, 采集 0 条
  新增到bids.json: 0条
[2026-05-27_05:30] === 完成 ===
[2026-05-28_05:00] === 开始每日全覆盖 ===
[2026-05-28_05:00] 31省CCGP...
==================================================
✅ 本次采集: 510 条（去重后）
  新增到bids.json: 510 条
[2026-05-28_05:00] 31省厅局...
==================================================
✅ 本次采集: 369 条（去重后）
  新增到bids.json: 369 条
[2026-05-28_05:00] GGZY...

✅ 采集: 450条
  新增到bids.json: 330条
[2026-05-28_05:00] 广东全省API...
🔍 广东公共资源交易平台API — 2026-05-28
  [GDGGZY] 广东API → 350条
  新增到bids.json: 350条
[2026-05-28_05:00] 省CCGP深度...

✅ 共探测 31 省, 发现 36 个频道, 采集 0 条
  新增到bids.json: 0条
[2026-05-28_05:00] === 完成 ===
[2026-05-28_05:30] === 开始每日全覆盖 ===
[2026-05-28_05:30] 31省CCGP...
==================================================
✅ 本次采集: 460 条（去重后）
  新增到bids.json: 0 条
[2026-05-28_05:30] 31省厅局...
==================================================
✅ 本次采集: 376 条（去重后）
  新增到bids.json: 7 条
[2026-05-28_05:30] GGZY...

✅ 采集: 429条
  新增到bids.json: 0条
[2026-05-28_05:30] 广东全省API...
🔍 广东公共资源交易平台API — 2026-05-28
  [GDGGZY] 广东API → 350条
  新增到bids.json: 0条
[2026-05-28_05:30] 省CCGP深度...

✅ 共探测 31 省, 发现 36 个频道, 采集 0 条
  新增到bids.json: 0条
[2026-05-28_05:30] === 完成 ===
[2026-05-29_05:00] === 开始每日全覆盖 ===
[2026-05-29_05:00] 31省CCGP...
==================================================
✅ 本次采集: 466 条（去重后）
  新增到bids.json: 154 条
[2026-05-29_05:00] 31省厅局...
==================================================
✅ 本次采集: 371 条（去重后）
  新增到bids.json: 33 条
[2026-05-29_05:00] GGZY...

✅ 采集: 450条
  新增到bids.json: 102条
[2026-05-29_05:00] 广东全省API...
🔍 广东公共资源交易平台API — 2026-05-29
  [GDGGZY] 广东API → 350条
  新增到bids.json: 132条
[2026-05-29_05:00] 省CCGP深度...

✅ 共探测 31 省, 发现 36 个频道, 采集 0 条
  新增到bids.json: 0条
[2026-05-29_05:00] === 完成 ===
[2026-05-29_05:30] === 开始每日全覆盖 ===
[2026-05-29_05:30] 31省CCGP...
==================================================
✅ 本次采集: 516 条（去重后）
  新增到bids.json: 27 条
[2026-05-29_05:30] 31省厅局...
==================================================
✅ 本次采集: 369 条（去重后）
  新增到bids.json: 0 条
[2026-05-29_05:30] GGZY...

✅ 采集: 429条
  新增到bids.json: 1条
[2026-05-29_05:30] 广东全省API...
🔍 广东公共资源交易平台API — 2026-05-29
  [GDGGZY] 广东API → 350条
  新增到bids.json: 0条
[2026-05-29_05:30] 省CCGP深度...

✅ 共探测 31 省, 发现 36 个频道, 采集 0 条
  新增到bids.json: 0条
[2026-05-29_05:30] === 完成 ===
[2026-05-30_05:00] === 开始每日全覆盖 ===
[2026-05-30_05:00] 31省CCGP...
==================================================
✅ 本次采集: 493 条（去重后）
  新增到bids.json: 261 条
[2026-05-30_05:00] 31省厅局...
==================================================
✅ 本次采集: 378 条（去重后）
  新增到bids.json: 348 条
[2026-05-30_05:00] GGZY...

✅ 采集: 456条
  新增到bids.json: 328条
[2026-05-30_05:00] 广东全省API...
🔍 广东公共资源交易平台API — 2026-05-30
  [GDGGZY] 广东API → 350条
  新增到bids.json: 236条
[2026-05-30_05:00] 省CCGP深度...

✅ 共探测 31 省, 发现 36 个频道, 采集 0 条
  新增到bids.json: 0条
[2026-05-30_05:00] === 完成 ===
[2026-05-30_05:30] === 开始每日全覆盖 ===
[2026-05-30_05:30] 31省CCGP...
==================================================
✅ 本次采集: 511 条（去重后）
  新增到bids.json: 0 条
[2026-05-30_05:30] 31省厅局...
==================================================
✅ 本次采集: 378 条（去重后）
  新增到bids.json: 0 条
[2026-05-30_05:30] GGZY...

✅ 采集: 456条
  新增到bids.json: 1条
[2026-05-30_05:30] 广东全省API...
🔍 广东公共资源交易平台API — 2026-05-30
  [GDGGZY] 广东API → 350条
  新增到bids.json: 0条
[2026-05-30_05:30] 省CCGP深度...

✅ 共探测 31 省, 发现 36 个频道, 采集 0 条
  新增到bids.json: 0条
[2026-05-30_05:30] === 完成 ===
