[2026-05-26_02:15] === 开始爬取 ===
[2026-05-26_02:15] CCGP...
  File "/home/hermes/projects/bidding-site/scripts/spider_ccgp.py", line 320, in parse_detail
    for prov in province_keywords:
UnboundLocalError: local variable 'province_keywords' referenced before assignment

  无新增标讯（已是最新）
[2026-05-26_02:15] CEBPub...
  → 后续条目均已爬取过，提前结束

  📊 分类 全部 汇总: 新增 0, 跳过 20, PDF成功 0

✅ 爬取完成: 无新增数据
[2026-05-26_02:15] === 完成 ===
[2026-05-26_02:42] === 开始爬取 ===
[2026-05-26_02:42] CCGP...
  搜索第 7 页...
  → 发现 5 条结果

  搜索第 8 页...
  → 发现 5 条结果
[2026-05-26_02:42] CEBPub...
  → 后续条目均已爬取过，提前结束

  📊 分类 全部 汇总: 新增 32, 跳过 8, PDF成功 32
  ✓ 写入 13835 条标讯 → /home/hermes/projects/bidding-site/data/bids.json
\n✅ 爬取完成: 新增 32 条, 总计 13835 条
[2026-05-26_02:42] 31省全覆盖...
  [NTL] 中国国际招标网 ❌ 不可达

==================================================
✅ 本次采集: 335 条（去重后）
  新增到bids.json: 335 条
[2026-05-26_02:42] === 完成 ===
[2026-05-26_02:47] === 开始爬取 ===
[2026-05-26_02:47] CCGP...
  搜索第 4 页...
  → 发现 5 条结果

  搜索第 5 页...
  → 发现 5 条结果
[2026-05-26_02:47] CEBPub...
    · 中国电建中国电建 集团核电工程有限公司广东廉江核电一期工程空调采购项目公开询比采购公告... ✓ PDF:112字
    · 中国电建通州区城南水网建设工程（漷牛片区）商品混凝土采购项目公开询比采购公告... ✓ PDF:112字
    · 中国电建水电五局第五工程公司汉江流域（天门）水污染治理和水资源保护利用一期项目经理部杉木桩（重新挂网... ✓ PDF:112字
    · 成眉线工程传输及视频会议系统二次招标公告... ✓ PDF:112字
    · 焦作铁路电缆有限责任公司园区智能化网络升级改造二次谈判采购公告... ✓ PDF:112字
[2026-05-26_02:47] 31省全覆盖...
  [NTL] 中国国际招标网 ❌ 不可达

==================================================
✅ 本次采集: 339 条（去重后）
  新增到bids.json: 13 条
[2026-05-26_02:47] === 完成 ===
[2026-05-26_04:00] === 快速爬取 ===
[2026-05-26_04:00] CCGP...
      ✓ 松江区泗泾医院柜式西林配药机器人的竞争性谈判公告...
    · 详情: http://www.ccgp.gov.cn/cggg/dfgg/jzxcs/202605/t20260526_26628968.htm
      ✓ 大同市公安局云州分局交通管理大队国道G109线与云州区辖区长城1号路（养杨线）交...
    · 详情: http://www.ccgp.gov.cn/cggg/dfgg/jzxtpgg/202605/t20260526_26628977.htm
      ✓ 松江区方塔中医医院三维移动式C形臂X射线机的竞争性谈判公告...
[2026-05-26_04:00] CEBPub...
    · 甘肃分公司所辖各场站2026年度防雷检测技术服务项目公开招标公告... ✓ PDF:112字
    · 中国电建水电六局轨道工程公司 重庆轨道交通17号线一期6标镀锌钢管采购项目公开询比采购公告... ✓ PDF:112字
    · 中国电建中南院广西凌云玉洪平昌陆上风电EPC总承包项目升压站建安工程采购项目公开谈判采购公告... ✓ PDF:112字
    · 中国电建西北院中广核新能源甘肃酒泉玉门700MW综合能源示范项目可行性研究设计项目岩土工程勘察服务采... ✓ PDF:112字
    · 中国电建西北院榆阳区榆溪河综合治理工程（三岔湾至入无定河口段）工程勘探详勘阶段采购项目公开谈判采购公... ✓ PDF:112字
[2026-05-26_04:00] === 完成 ===
[2026-05-26_06:00] === 快速爬取 ===
[2026-05-26_06:00] CCGP...
      ✓ 大同市云冈区文化和旅游局竞争性磋商2026年大同市云冈区免费送戏下乡进农村的采购...
    · 详情: http://www.ccgp.gov.cn/cggg/dfgg/gkzb/202605/t20260526_26628981.htm
      ✓ 重点区域固守（北部）的公开招标公告...
    · 详情: http://www.ccgp.gov.cn/cggg/dfgg/jzxtpgg/202605/t20260526_26628977.htm
      ✓ 松江区方塔中医医院三维移动式C形臂X射线机的竞争性谈判公告...
[2026-05-26_06:00] CEBPub...
    · 中国电建电建装备公司都江公司四川泸州川南发电有限责任公司#1机组烟气余热利用及空预器防堵应用研究检修... ✓ PDF:112字
    · 中国电建水电四局南方公司228国道平湖独山港至林埭段改扩建工程TJ-3标段项目经理部预应力钢绞线采购... ✓ PDF:112字
    · 中国电建市政集团水环境公司东莞市建成区河涌水质提升及排水管网提质增效项目（二期）第二阶段工程石粉渣（... ✓ PDF:112字
    · 中国电建青海共和光热项目部2026年度固废危废处理服务采购项目公开询比采购公告... ✓ PDF:112字
    · 中国电建水电七局二分局广西玉林抽水蓄能电站项目钢板等一批材料采购项目公开询比采购公告...[2026-05-26_06:00] === 完成 ===
[2026-05-26_08:00] === 快速爬取 ===
[2026-05-26_08:00] CCGP...
      ✓ 新海镇长征美丽街区绿化养护项目的竞争性磋商公告...
    · 详情: http://www.ccgp.gov.cn/cggg/dfgg/jzxtpgg/202605/t20260526_26628977.htm
      ✓ 松江区方塔中医医院三维移动式C形臂X射线机的竞争性谈判公告...
    · 详情: http://www.ccgp.gov.cn/cggg/dfgg/jzxcs/202605/t20260526_26628971.htm
      ✓ 高新区敬老院新增认知障碍照护床位项目的竞争性磋商公告...
[2026-05-26_08:00] CEBPub...
    · 中国电建铁路公司武汉东湖新技术开发区城市路灯更新节能改造工程LED路灯材料采购项目公开询比采购公告... ✓ PDF:112字
    · 中国电建水电十一局河南辉县九峰山抽水蓄能电站上水库、下水库、输水发电系统土建及金属结构安装工程项目河... ✓ PDF:112字
  ✓ 写入 15051 条标讯 → /home/hermes/projects/bidding-site/data/bids.json
    · 中国电建榆能横山6万千瓦风电项目桩基工程采购项目公开谈判采购公告... ✓ PDF:112字
    · 中国电建市政建设集团有限公司库伦旗2025年高标准农田建设项目（第二批次）施工第六标段田间道路及农田... ✓ PDF:112字
[2026-05-26_08:00] === 完成 ===
[2026-05-26_10:00] === 快速爬取 ===
[2026-05-26_10:00] CCGP...
      ✓ 内蒙古乌兰坝国家级自然保护区管理局2026年巴林左旗乌兰坝林场国家落叶松良种基地...
    · 详情: http://www.ccgp.gov.cn/cggg/dfgg/zbgg/202605/t20260526_26629363.htm
      ✓ 壶关县财政局竞争性磋商省道213线（原省道225线）壶关过境段改建工程跟踪评审项...
    · 详情: http://www.ccgp.gov.cn/cggg/dfgg/qtgg/202605/t20260526_26629384.htm
      ✓ 武汉市中西医结合医院2026年医疗设备采购项目计划一终止公告...
[2026-05-26_10:00] CEBPub...
    · （询比采购）【BAHN 采购五月份备件/A763-PS202605210795】采购公告... ✓ PDF:112字
    · 【浙能物业余杭分公司浙能海创园、浙能源力中心管道及化粪池清理、油污及污水设备维保项目】采购公告... ✓ PDF:112字
    · 【直接采购】爆破片-12834918/7193-PS202605251193直接采购事前公告... ✓ PDF:112字
    · 云南白药中医药产业文化园项目2#楼（中医馆、新特药）家具采购及安装招标公告... ✓ PDF:112字
    · 陕西未来能源化工有限公司金鸡滩煤矿工作面采前顶板探放水公开招标【重新招标】招标公告... ✓ PDF:112字
[2026-05-26_10:00] === 完成 ===
[2026-05-26_12:00] === 快速爬取 ===
[2026-05-26_12:00] CCGP...
      ✓ 山东第一医科大学第一附属医院（山东省千佛山医院）医疗设备1-4采购项目(二次)公...
    · 详情: http://www.ccgp.gov.cn/cggg/dfgg/zbgg/202605/t20260526_26630405.htm
      ✓ 山东省莱山第一中学窗帘采购项目中标结果公告...
    · 详情: http://www.ccgp.gov.cn/cggg/dfgg/zbgg/202605/t20260526_26630423.htm
      ✓ 山东建筑大学榴园学生宿舍西侧道路工程勘察设计、控制价编制服务结果公告（采购包1）...
[2026-05-26_12:00] CEBPub...
    · 山东中豪大酒店有限公司设备采购项目-公开招标公告... ✓ PDF:112字
    · 2026年4月包钢股份干熄焦炉大、中修备件招标（重新采购）招标公告... ✓ PDF:112字
    · 泰州市罡杨镇卫生院慢病筛防中心设备采购项目竞争性磋商公告... ✓ PDF:112字
    · 华景园消防水系统维修工程招标公告... ✓ PDF:112字
    · 陕煤集团榆林化学有限责任公司400万吨/年CCS示范项目40万吨/年先导试验项目榆碳3、4井钻井工程... ✓ PDF:112字
[2026-05-26_12:00] === 完成 ===
[2026-05-26_14:00] === 快速爬取 ===
[2026-05-26_14:00] CCGP...
      ✓ 2026年北岗镇蒲春河村自来水改造项目中标(成交)结果公告...
    · 详情: http://www.ccgp.gov.cn/cggg/dfgg/jzxcs/202605/t20260526_26630896.htm
      ✓ 采购第一师十团生活垃圾填埋场运行管理项目服务单位的竞争性磋商公告...
    · 详情: http://www.ccgp.gov.cn/cggg/dfgg/dylygg/202605/t20260526_26630911.htm
      ✓ 新疆医科大学第一附属医院单极/双极射频消融电极针采购项目单一来源公示...
[2026-05-26_14:00] CEBPub...
    · 【西安意通石油工程有限责任公司生产水拉运服务】招标公告... ✓ PDF:112字
    · 中国银行喀什分行驾驶员外包服务（含县支行）采购项目-招标公告... ✓ PDF:112字
    · 无锡市工人文化宫相亲联谊模块开发建设项目（第二次）的公开招标公告... ✓ PDF:112字
    · 中央储备粮酒泉直属库有限公司地坪及排洪管道维修改造项目-招标公告... ✓ PDF:112字
    · 新海停车场购置安装箱式变电站及充电设施建设工程EPC工程总承包项目招标公告... ✓ PDF:112字
[2026-05-26_14:00] === 完成 ===
[2026-05-26_16:00] === 快速爬取 ===
[2026-05-26_16:00] CCGP...
      ✓ 崇州市交通运输事务中心2026年县道公路小修服务(二次)竞争性磋商公告...
    · 详情: http://www.ccgp.gov.cn/cggg/dfgg/cjgg/202605/t20260526_26632367.htm
      ✓ 常熟高新技术产业开发区管理委员会关于东南街道2026年拆违工程项目的成交结果公告...
    · 详情: http://www.ccgp.gov.cn/cggg/dfgg/cjgg/202605/t20260526_26632346.htm
      ✓ 仪征市公安局指定监视居住场所改造项目成交公告...
[2026-05-26_16:00] CEBPub...
    · 西安国际空港食品有限公司西宁分公司-房屋及建筑物维修修缮采购项目... ✓ PDF:112字
    · 安徽中烟工业有限责任公司蚌埠卷烟厂雪茄烟生产部购置生产工器具项目-公开招标公告... ✓ PDF:112字
    · 哈尔滨机场2026年应急救援综合实战演练项目-公开招标公告... ✓ PDF:112字

  第 4 页...
[2026-05-26_16:00] === 完成 ===
[2026-05-26_18:00] === 快速爬取 ===
[2026-05-26_18:00] CCGP...
      ✓ 洛阳市老城区邙山街道办事处聘用人员外包城市管理服务采购项目-中标公告...
    · 详情: http://www.ccgp.gov.cn/cggg/dfgg/gkzb/202605/t20260526_26634740.htm
      ✓ 宁夏回族自治区基础地质调查院宁夏西吉盆地坪峰、兴隆镇、联财三幅1：5万区域地质矿...
    · 详情: http://www.ccgp.gov.cn/cggg/dfgg/zbgg/202605/t20260526_26634753.htm
      ✓ 天安门地区综合治理保安服务项目中标公告...
[2026-05-26_18:00] CEBPub...
    · 济南市南部山区EOD锦阳川水生态治理项目一标段基础提升项目竞争性磋商公告... ✓ PDF:112字
    · 内蒙古兴安铜锌冶炼有限公司2026年车间劳务承包服务采购项目... ✓ PDF:112字
    · 东航技术浦东维修基地K2地块库房航材配送业务外委服务项目（重新招标）招标公告... ✓ PDF:112字
    · 中国邮政集团有限公司鄂州市分公司2026年退休人员体检服务项目公开询比公告... ✓ PDF:112字
    · 中国铁塔山西省分公司2026-2028年招标代理服务采购项目询比公告... ✓ PDF:112字
[2026-05-26_18:00] === 完成 ===
[2026-05-26_20:00] === 快速爬取 ===
[2026-05-26_20:00] CCGP...
      ✓ 于田县中药材种植配套建设项目公开招标公告...
    · 详情: http://www.ccgp.gov.cn/cggg/dfgg/zbgg/202605/t20260526_26635797.htm
      ✓ 福海县供水管网基础设施建设项目-初步设计及施工图设计中标(成交)结果公告...
    · 详情: http://www.ccgp.gov.cn/cggg/dfgg/jzxcs/202605/t20260526_26635803.htm
      ✓ 2026年市级工业产（商）品质量抽查竞争性磋商公告...
[2026-05-26_20:00] CEBPub...
  ✓ 写入 15151 条标讯 → /home/hermes/projects/bidding-site/data/bids.json
    · 2026年联通数智金融稳定性类数据接口服务集中采购项目询比采购公告... ✓ PDF:112字
    · 辽宁交投公路科技养护有限责任公司2026年高速公路日常养护工程（丹东区域）砂石料询比采购项目询比采购... ✓ PDF:112字
    · 辽宁交投物资贸易有限责任公司2026年度钢材运输承运商入围项目供应商入围公告... ✓ PDF:112字
    · 云冈区鸦儿崖乡常流水村生态修复项目(1,2标段)二次招标公告... ✓ PDF:112字
[2026-05-26_20:00] === 完成 ===
[2026-05-26_22:00] === 快速爬取 ===
[2026-05-26_22:00] CCGP...
      ✓ 孙吴县公路事业发展中心2026年孙吴县黑大公路及铁路平交道口路面维修、标线施划工...
    · 详情: http://www.ccgp.gov.cn/cggg/dfgg/gkzb/202605/t20260526_26636130.htm
      ✓ 江西初发招标代理有限公司关于万载县粮食应急保障仓储设施建设项目（大米加工设备采购...
    · 详情: http://www.ccgp.gov.cn/cggg/dfgg/gkzb/202605/t20260526_26636136.htm
      ✓ 兵团（南疆）“数智”取证中心项目公开招标公告...
[2026-05-26_22:00] CEBPub...

  第 3 页...
  → 第 3/500 页, 本页 20 条
    · 中国电信呼伦贝尔分公司2026年枢纽楼门前国旗杆维修项目公开询比公告... ✓ PDF:112字
    · 广州分公司2026-2029年某文旅灯光装备项目室内信号优化建设项目采购询比公告... ✓ PDF:112字
[2026-05-26_22:00] === 完成 ===
[2026-05-27_00:00] === 快速爬取 ===
[2026-05-27_00:00] CCGP...
  搜索第 1 页...
  → 发现 0 条结果
  → 无更多结果

  无新增标讯（已是最新）
[2026-05-27_00:00] CEBPub...
    · 国信扬电三期2×100万千瓦扩建项目机组调试、性能试验、涉网试验、特殊试验等技术服务招标公告... ✓ PDF:112字
  ✓ 写入 15201 条标讯 → /home/hermes/projects/bidding-site/data/bids.json
    · 中国电信吐鲁番分公司托克逊县2026年DICT集成服务框架采购项目（第二次）询比公告... ✓ PDF:112字
    · 2026年深圳电信“守正创新，善作善成，奋力实现‘十五五’开门红”宣传服务采购（第二次）询比公告... ✓ PDF:112字
    · （询比采购）【成都农场仓库租赁/3600-PS202605210935】采购公告... ✓ PDF:112字
[2026-05-27_00:00] === 完成 ===
[2026-05-27_02:00] === 快速爬取 ===
[2026-05-27_02:00] CCGP...
  → 无更多结果
  ✓ 写入 15209 条标讯 → /home/hermes/projects/bidding-site/data/bids.json
\n============================================================
  爬取完成: 新增 8 条, 共 15209 条
============================================================
[2026-05-27_02:00] CEBPub...
  → 后续条目均已爬取过，提前结束

  📊 分类 全部 汇总: 新增 32, 跳过 8, PDF成功 32
  ✓ 写入 15241 条标讯 → /home/hermes/projects/bidding-site/data/bids.json
\n✅ 爬取完成: 新增 32 条, 总计 15241 条
[2026-05-27_02:00] === 完成 ===
[2026-05-27_04:00] === 快速爬取 ===
[2026-05-27_04:00] CCGP...
  搜索第 23 页...
  → 发现 18 条结果

  搜索第 24 页...
  → 发现 18 条结果
[2026-05-27_04:00] CEBPub...
  → 后续条目均已爬取过，提前结束

  📊 分类 全部 汇总: 新增 2, 跳过 18, PDF成功 2
  ✓ 写入 15243 条标讯 → /home/hermes/projects/bidding-site/data/bids.json
\n✅ 爬取完成: 新增 2 条, 总计 15243 条
[2026-05-27_04:00] === 完成 ===
[2026-05-27_06:00] === 快速爬取 ===
[2026-05-27_06:00] CCGP...
  搜索第 9 页...
  → 发现 2 条结果

  搜索第 10 页...
  → 发现 2 条结果
[2026-05-27_06:00] CEBPub...
    · 中国电建水电五局电建教育培训基地二期建设工程项目中国电建教育培训基地二期工程项目防水保温工程采购项目... ✓ PDF:112字
    · 北京首都机场动力能源有限公司大兴国际机场分公司车辆维修服务项目终止公告... ✓ PDF:112字
    · （询比采购）【风神轮胎-胎胚输送立体库项目JC2025-011(JZ)-货架内喷头安装聚热板采购申请... ✓ PDF:112字
    · （谈判采购）【JC2025-181（JZ）检测实验部农子午两工位3米转鼓购置安装-安装-采购申请单/... ✓ PDF:112字
  ✓ 写入 16209 条标讯 → /home/hermes/projects/bidding-site/data/bids.json
[2026-05-27_06:00] === 完成 ===
[2026-05-27_08:00] === 快速爬取 ===
[2026-05-27_08:00] CCGP...
  搜索第 4 页...
  → 发现 9 条结果

  搜索第 5 页...
  → 发现 9 条结果
[2026-05-27_08:00] CEBPub...
    · （询比采购）【风神轮胎-胎胚输送立体库项目JC2025-011(JZ)-货架内喷头安装聚热板采购申请... ✓ PDF:112字
  ✓ 写入 16259 条标讯 → /home/hermes/projects/bidding-site/data/bids.json
    · （谈判采购）【JC2025-181（JZ）检测实验部农子午两工位3米转鼓购置安装-安装-采购申请单/... ✓ PDF:112字
    · 中国铁塔宁夏分公司蓝天网架重卡站大功率充电堆设备采购项目询比（比选）公告... ✓ PDF:112字
    · （谈判采购）【炼胶厂房三楼室内下水雨水管道大修采购申请/7043-PS202605251503】采购... ✓ PDF:112字
[2026-05-27_08:00] === 完成 ===
[2026-05-27_10:00] === 快速爬取 ===
[2026-05-27_10:00] CCGP...
      ✓ ［江西省公共资源交易平台］余干县诚信招标采购代理有限公司关于余干县河湖管理范围划...
    · 详情: http://www.ccgp.gov.cn/cggg/dfgg/gzgg/202605/t20260527_26637099.htm
      ✓ 永定河休闲森林公园管理处自备井改造项目永定河休闲森林公园管理处自备井改造项目竞争...
    · 详情: http://www.ccgp.gov.cn/cggg/dfgg/gzgg/202605/t20260527_26637080.htm
      ✓ 道真仡佬族苗族自治县上坝土家族乡人民政府关于上坝乡八一社区阳光小区及上石屋顶补漏...
[2026-05-27_10:00] CEBPub...
    · 【内蒙古元瑞电建有限责任公司2026年变电设备局部放电带电检测技术服务、2026年变电站电能质量测试... ✓ PDF:112字
    · 【内蒙古元瑞电建有限责任公司2026年变电站除草及树木养护服务、2026年变电管理处42座变电站设施... ✓ PDF:112字
    · 【内蒙古元瑞电建有限责任公司2026年输电线路电缆局放、红外和接地环流检测技术服务】询比采购公告... ✓ PDF:112字
    · 2026年中国电信东莞分公司维护人员登高证、低压电工证考证培训框架服务采购项目... ✓ PDF:112字
    · 华冠酒管工程用品采购项目（三次）招标公告... ✓ PDF:112字
[2026-05-27_10:00] === 完成 ===
[2026-05-27_12:00] === 快速爬取 ===
[2026-05-27_12:00] CCGP...
      ✓ 丰县孙楼街道办事处张楼村污水处理厂建设工程成交公告...
    · 详情: http://www.ccgp.gov.cn/cggg/dfgg/qtgg/202605/t20260527_26638325.htm
      ✓ 《靖江日报》采编、排版、校对及数字传播运营服务项目废标(终止)公告...
    · 详情: http://www.ccgp.gov.cn/cggg/dfgg/cjgg/202605/t20260527_26638298.htm
      ✓ 成都市残疾人就业服务中心电商直播基地运维项目中标（成交）结果公告...
[2026-05-27_12:00] CEBPub...
    · 光大环保技术装备（常州）有限公司知识产权代理服务年度采购招标公告... ✓ PDF:112字
    · 光大水务（淄博）有限公司过氧化氢（27.5%）采购招标公告... ✓ PDF:112字
    · 光大广环投环保能源（肇庆）有限公司飞灰螯合处理服务招标公告... ✓ PDF:112字
    · 光大广环投环保能源（怀集）有限公司飞灰螯合处理服务招标公告... ✓ PDF:112字
    · 江苏省EDSTE2403项目分析仪表招标公告... ✓ PDF:112字
[2026-05-27_12:00] === 完成 ===
[2026-05-27_14:00] === 快速爬取 ===
[2026-05-27_14:00] CCGP...
      ✓ 北京市顺义区消防救援支队确定食堂调料配送供应商项目公开招标公告...
    · 详情: http://www.ccgp.gov.cn/cggg/dfgg/zbgg/202605/t20260527_26638710.htm
      ✓ 博州人民医院中药饮片采购项目（三次）中标(成交)结果公告...
    · 详情: http://www.ccgp.gov.cn/cggg/dfgg/zbgg/202605/t20260527_26638702.htm
      ✓ 遵义市应急物资储备库安保服务采购项目的中标(成交)结果公告...
[2026-05-27_14:00] CEBPub...
    · 陕西美鑫矿业有限公司冶坪煤矿中央水泵房排水泵电机购置项目-竞争性磋商公告... ✓ PDF:112字
    · 济南机场导航电磁综合分析仪采购项目竞争磋商公告... ✓ PDF:112字
    · 滁州学院2026年复印纸采购询价公告... ✓ PDF:112字
    · 利福霉素产品生产车间建设项目-水冷螺杆式冷水机组、水冷螺杆式乙二醇机组采购项目招标公告... ✓ PDF:112字
    · 500kV线路运行维护与检修招标公告... ✓ PDF:112字
[2026-05-27_14:00] === 完成 ===
[2026-05-27_16:00] === 快速爬取 ===
[2026-05-27_16:00] CCGP...
      ✓ 伊川县高山镇人民政府2026年伊川县高山镇坡头寨村道路提升项目-竞争性磋商公告...
    · 详情: http://www.ccgp.gov.cn/cggg/dfgg/jzxcs/202605/t20260527_26640067.htm
      ✓ 老军乡丰城村壮大村股份经济合作社经济建设项目(二次)竞争性磋商公告...
    · 详情: http://www.ccgp.gov.cn/cggg/dfgg/gkzb/202605/t20260527_26640057.htm
      ✓ 通用公用经费-颐和园劳保用品及办公物料采购公开招标公告...
[2026-05-27_16:00] CEBPub...
    · 中国电信股份有限公司徐州分公司EJSCGXQ202605210022项目（DICT)询比公告... ✓ PDF:112字
    · 中国电信股份有限公司襄阳分公司2026年襄阳市襄城区某局多网合一维保项目... ✓ PDF:112字
    · 沪东中华造船（集团）有限公司除湿机采购项目招标公告... ✓ PDF:112字
    · 2026年中国电信贵港分公司政企客户超融合一体化平台系统建设项目询比公告... ✓ PDF:112字
    · 2026年中国电信贵港分公司政企客户超融合一体化平台系统建设项目询比公告... ✓ PDF:112字
[2026-05-27_16:00] === 完成 ===
[2026-05-27_18:00] === 快速爬取 ===
[2026-05-27_18:00] CCGP...
      ✓ 巍山县政府购买社会救助服务项目公开招标公告...
    · 详情: http://www.ccgp.gov.cn/cggg/dfgg/jzxcs/202605/t20260527_26642627.htm
      ✓ 长治市屯留区人民医院新医院医疗设备环评及放射卫生评价技术服务项目的采购公告...
    · 详情: http://www.ccgp.gov.cn/cggg/dfgg/jzxcs/202605/t20260527_26642609.htm
      ✓ 克拉玛依市自然资源局《克拉玛依市国土空间规划实施评估》竞争性磋商公告...
[2026-05-27_18:00] CEBPub...
    · 新沂市马陵山镇原文化站综合装修工程项目（二次）竞争性磋商公告... ✓ PDF:112字
    · 呼和浩特市玉泉区新材料产业园项目现场检测服务（二次）竞争性磋商公告... ✓ PDF:112字
    · 锡林郭勒供电公司2026年防暑降温用品采购项目招标公告... ✓ PDF:112字
    · JY姜堰区娄庄区域性农业综合服务中心（农事）建设项目(粮食提升输送设备及相关配套设施)采购公告... ✓ PDF:112字
    · 宝鸡市2025年普通干线公路重大水毁修复工程监理招标公告... ✓ PDF:112字
[2026-05-27_18:00] === 完成 ===
[2026-05-27_20:00] === 快速爬取 ===
[2026-05-27_20:00] CCGP...
      ✓ 浙江省成套工程有限公司关于天元公学和睦校区建设项目设计采购施工(EPC)工程总承...
    · 详情: http://www.ccgp.gov.cn/cggg/dfgg/gkzb/202605/t20260527_26643429.htm
      ✓ 浙江国际招投标有限公司关于温州医科大学附属眼视光医院（绍兴院区）手术显微镜公开招...
    · 详情: http://www.ccgp.gov.cn/cggg/dfgg/gzgg/202605/t20260527_26643423.htm
      ✓ 海北州疾控中心2026年度流感、禽流感、水质监测、艾滋病、消毒与监测、免疫规划、...
[2026-05-27_20:00] CEBPub...
    · 中国船舶集团有限公司第七一八研究所低温制冷系统招标公告... ✓ PDF:112字
    · 中国船舶集团有限公司第七一八研究所原燃料储存系统招标公告... ✓ PDF:112字
    · 武汉长海电力推进和化学电源有限公司低露点转轮除湿机组招标公告... ✓ PDF:112字
    · 国电投佳县5万风电项目智慧化场站招标招标公告... ✓ PDF:112字
  ✓ 写入 45925 条标讯 → /home/hermes/projects/bidding-site/data/bids.json
[2026-05-27_20:00] === 完成 ===
[2026-05-27_22:00] === 快速爬取 ===
[2026-05-27_22:00] CCGP...
      ✓ 云南省民政厅采购2026年全省性社会组织抽查审计工作服务竞争性磋商公告...
    · 详情: http://www.ccgp.gov.cn/cggg/dfgg/gzgg/202605/t20260527_26643777.htm
      ✓ 龙腾国信工程咨询有限公司关于贺州市第五人民医院医疗设备更新项目-医学影像设备采购...
    · 详情: http://www.ccgp.gov.cn/cggg/dfgg/gzgg/202605/t20260527_26643789.htm
      ✓ 循化县2026年财政衔接推进乡村振兴补助资金白庄镇苏呼撒村特色面点生产建设项目延...
[2026-05-27_22:00] CEBPub...
    · 北京银行信用卡中心客服网络电话综合平台维保续保采购项目竞争性磋商公告... ✓ PDF:112字
    · 厦门方信-公开招标-FX2026-SH092-电磁脉冲成形装备-招标公告... ✓ PDF:112字
    · 通信线路迁改及清障的施工工程招标公告... ✓ PDF:112字
    · 中国电信北京公司2026年-2027年上半年北京应急通信局应急保障中心维修项目集中公开询比项目询比公... ✓ PDF:112字
    · 中核四0四有限公司电感藕合等离子体质谱仪等采购项目变更公告4... ✓ PDF:112字
[2026-05-27_22:00] === 完成 ===
[2026-05-28_00:00] === 快速爬取 ===
[2026-05-28_00:00] CCGP...
  搜索第 1 页...
  → 发现 0 条结果
  → 无更多结果

  无新增标讯（已是最新）
[2026-05-28_00:00] CEBPub...
    · 中国电信集团有限公司常德分公司2026年端午节福利物资采购项目询比公告... ✓ PDF:112字
  ✓ 写入 45975 条标讯 → /home/hermes/projects/bidding-site/data/bids.json
    · 基于MBD三维工艺设计仿真工具二次开发招标公告... ✓ PDF:112字
    · 第三师50团人居环境整治建设项目（2连）... ✓ PDF:112字
    · （公告）江苏鑫源烟草薄片有限公司2026年购置实验室仪器设备项目-谈判采购公告... ✓ PDF:112字
[2026-05-28_00:00] === 完成 ===
[2026-05-28_02:00] === 快速爬取 ===
[2026-05-28_02:00] CCGP...
      ✓ 国土空间服务能力建设的公开招标公告...
    · 详情: http://www.ccgp.gov.cn/cggg/dfgg/jzxcs/202605/t20260528_26644386.htm
      ✓ 普陀区为老服务“一键通”第四期项目（2026-2027年）的竞争性磋商公告...
    · 详情: http://www.ccgp.gov.cn/cggg/dfgg/jzxcs/202605/t20260528_26644380.htm
      ✓ 嘉定区15校广播系统建设项目（2026年度升级改造）的竞争性磋商公告...
[2026-05-28_02:00] CEBPub...
    · 【陇电入浙红砂岗公司,陇电入浙独青山公司,陇电入浙黄花滩公司计算机采购】采购公告... ✓ PDF:112字
    · 【华能河北分公司上安电厂带式输送机物资采购】招标公告... ✓ PDF:112字
    · 天翼视联2026年湖州市某生物安全实验室项目询比公告... ✓ PDF:112字
    · 中国电信百色分公司2026年田阳区村级综治视联网一期运维服务项目询比公告... ✓ PDF:112字
    · 中国电信百色分公司2026年政企客户服务热线运营服务外包采购项目标包2询比公告... ✓ PDF:112字
[2026-05-28_02:00] === 完成 ===
[2026-05-28_04:00] === 快速爬取 ===
[2026-05-28_04:00] CCGP...
      ✓ 浦东新区公路干线、县道及高架综合养护项目的公开招标公告...
    · 详情: http://www.ccgp.gov.cn/cggg/dfgg/zbgg/202605/t20260528_26644387.htm
      ✓ 重庆市第十八中学[原江北]复印纸采购项目二次竞价成交公告...
    · 详情: http://www.ccgp.gov.cn/cggg/dfgg/gkzb/202605/t20260528_26644376.htm
      ✓ 2026智能安防小区（雪亮工程）项目的公开招标公告...
[2026-05-28_04:00] CEBPub...
    · 中国电信百色分公司2026年田阳区村级综治视联网一期运维服务项目询比公告... ✓ PDF:112字
  ✓ 写入 50 条标讯 → /home/hermes/projects/bidding-site/data/bids.json
    · 中国电信百色分公司2026年政企客户服务热线运营服务外包采购项目标包2询比公告... ✓ PDF:112字
    · 中国电信百色分公司2026年政企客户服务热线运营服务外包采购项目标包1... ✓ PDF:112字
    · 【新疆蓝天石油化学物流有限责任公司2026年运输服务项目—产成品PVC（含特种树脂）自圣雄工业园—鱼... ✓ PDF:112字
[2026-05-28_04:00] === 完成 ===
[2026-05-28_06:00] === 快速爬取 ===
[2026-05-28_06:00] CCGP...
      ✓ 长三角数据治理的公开招标公告...
    · 详情: http://www.ccgp.gov.cn/cggg/dfgg/gkzb/202605/t20260528_26644384.htm
      ✓ 自然资源部“一张图”建设的公开招标公告...
    · 详情: http://www.ccgp.gov.cn/cggg/dfgg/gkzb/202605/t20260528_26644377.htm
      ✓ 上海市崇明区民政局生态惠民保险项目（第三轮）的公开招标公告...
[2026-05-28_06:00] CEBPub...
  ✓ 写入 1666 条标讯 → /home/hermes/projects/bidding-site/data/bids.json
    · 中国电信百色分公司2026年政企客户服务热线运营服务外包采购项目标包2询比公告... ✓ PDF:112字
    · 中国电信百色分公司2026年政企客户服务热线运营服务外包采购项目标包1... ✓ PDF:112字
    · 【新疆蓝天石油化学物流有限责任公司2026年运输服务项目—产成品PVC（含特种树脂）自圣雄工业园—鱼... ✓ PDF:112字
    · 安徽铁塔合肥市分公司某区视频监控及基础设施运维保障服务项目比选公告... ✓ PDF:112字
[2026-05-28_06:00] === 完成 ===
[2026-05-28_08:00] === 快速爬取 ===
[2026-05-28_08:00] CCGP...
      ✓ 2026年桥荫桥孔设施巡查整治的竞争性磋商公告...
    · 详情: http://www.ccgp.gov.cn/cggg/dfgg/gkzb/202605/t20260528_26644371.htm
      ✓ 艾丁湖镇西然木村等四村太阳能路灯项目公开招标公告...
    · 详情: http://www.ccgp.gov.cn/cggg/dfgg/gkzb/202605/t20260528_26644383.htm
      ✓ 国土空间服务能力建设的公开招标公告...
[2026-05-28_08:00] CEBPub...
    · 【新疆蓝天石油化学物流有限责任公司2026年运输服务项目—华泰重化工、阜康能源至新疆梅花氨基酸有限公... ✓ PDF:112字
    · 【新疆蓝天石油化学物流有限责任公司2026年运输服务项目—华泰重化工、阜康能源至新疆梅花氨基酸有限公... ✓ PDF:112字
    · 【华能河北分公司上安电厂清篦破碎机物资采购】招标公告... ✓ PDF:112字
    · 【陇信风电计算机采购】采购公告... ✓ PDF:112字
    · 【华能甘肃公司范坪分公司2号机组2号高加升级改造项目【重新招标】】招标公告... ✓ PDF:112字
[2026-05-28_08:00] === 完成 ===
[2026-05-28_10:00] === 快速爬取 ===
[2026-05-28_10:00] CCGP...
      ✓ 襄垣县运煤专用通道区间测速项目结果公告...
    · 详情: http://www.ccgp.gov.cn/cggg/dfgg/gzgg/202605/t20260528_26644700.htm
      ✓ 五台县公安局交通管理大队区间测速建设项目更正公告...
    · 详情: http://www.ccgp.gov.cn/cggg/dfgg/zbgg/202605/t20260528_26644706.htm
      ✓ 浙江诚远工程咨询有限公司关于东阳市融媒体中心天目蓝云融媒体平台技术服务项目中标(...
[2026-05-28_10:00] CEBPub...
    · 天翼云江西分公司2026年新华三服务器硬盘扩容项目[JXZT-2026-11435]-比选公告... ✓ PDF:112字
    · 【直接采购】烯烃仪表-乙烯装置5月备件计划热电阻采购（Pyrosales）/1337-PS20260... ✓ PDF:112字
    · 盱眙县桂五镇村级集体竞争性开设账户暨资金存放金融服务项目（二次）竞争性谈判公告... ✓ PDF:112字
    · 兴海现代渔业园区项目循环水养殖设备采购(二次）招标公告... ✓ PDF:112字
    · 黑龙江一键供应链管理有限公司哈尔滨市双城区水泥采购... ✓ PDF:112字
[2026-05-28_10:00] === 完成 ===
[2026-05-28_12:00] === 快速爬取 ===
[2026-05-28_12:00] CCGP...
      ✓ 烟台市海洋发展和渔业局“2026世界海参产业（烟台）博览会暨海洋食材展”布设烟台...
    · 详情: http://www.ccgp.gov.cn/cggg/dfgg/gkzb/202605/t20260528_26645689.htm
      ✓ 乐东黎族自治县人民法院2026-2027年度集约送达服务外包项目单一来源公告...
    · 详情: http://www.ccgp.gov.cn/cggg/dfgg/zbgg/202605/t20260528_26645688.htm
      ✓ 宕昌县教育局2026年改善普通高中办学条件(县中振兴)设备购置项目中标（成交）结...
[2026-05-28_12:00] CEBPub...
    · 河南省三门峡义马市电网侧储能200MW/800MWh项目补疑公告... ✓ PDF:112字
    · 空港物流园区02-02-C1地块加氢换氢充换电站项目临时工程专业分包-询价公告... ✓ PDF:112字
    · G309青兰线高密柳河路口至高密峡山界段修复养护工程混合料运输项目招标公告... ✓ PDF:112字
    · 【直接采购】研发中心委外检测氟橡胶的门尼值/7018-PS202605270926直接采购事前公告... ✓ PDF:112字
    · 常德烟草机械有限责任公司生产运营与环保管理系统（第二次）-公开招标公告... ✓ PDF:112字
[2026-05-28_12:00] === 完成 ===
[2026-05-28_14:00] === 快速爬取 ===
[2026-05-28_14:00] CCGP...

  搜索第 1 页...
  ⚠ 搜索异常: HTTPConnectionPool(host='search.ccgp.gov.cn', port=80): Read timed out. (read timeout=30)

  无新增标讯（已是最新）
[2026-05-28_14:00] CEBPub...
    · 公主岭市中医院理化室及微生物实验室改造项目公告... ✓ PDF:112字
    · 中国邮政集团有限公司浙江省义乌市分公司2026年布袋采购项目公开谈判公告... ✓ PDF:112字
    · 2025年四川北路营业厅户外广告牌建设项目安全检测服务询比（第二次）询比公告... ✓ PDF:112字
    · 【广东省电力开发有限公司国内收并购项目年度法律顾问服务】询价公告... ✓ PDF:112字
    · 【广东省电力开发有限公司常年税务顾问服务】询价公告... ✓ PDF:112字
[2026-05-28_14:00] === 完成 ===
[2026-05-28_16:00] === 快速爬取 ===
[2026-05-28_16:00] CCGP...
      ✓ 广西国泰招标咨询有限公司关于大蒙村水库移民美丽乡村工程项目成交公告...
    · 详情: http://www.ccgp.gov.cn/cggg/zygg/cjgg/202605/t20260528_26647366.htm
      ✓ 沈阳铁路公安局通化公安处车辆保险服务采购项目成交公告...
    · 详情: http://www.ccgp.gov.cn/cggg/dfgg/cjgg/202605/t20260528_26647429.htm
      ✓ 壤塘县畜牧兽医服务中心壤塘县2025年中央财政农业防灾减灾和水利救灾资金建设项目...
[2026-05-28_16:00] CEBPub...
    · 网络安全态势感知平台及配套网络安全服务采购项目公开招标公告... ✓ PDF:112字
    · 西北一棉工业遗址文化中心（二期）老旧厂区提质更新改造项目停车场装修改造工程招标公告... ✓ PDF:112字
    · 内蒙古广播电视台更换全台13台大型UPS电容组维护维修服务项目招标公告... ✓ PDF:112字
    · 木凯淖尔镇生活污水处理站中水集水池改造工程竞争性磋商公告... ✓ PDF:112字
    · 罕台镇采购2023年一2025年财务支出和采购全过程合规性审计服务项目招标公告... ✓ PDF:112字
[2026-05-28_16:00] === 完成 ===
[2026-05-28_18:00] === 快速爬取 ===
[2026-05-28_18:00] CCGP...

  搜索第 1 页...
  ⚠ 搜索异常: HTTPConnectionPool(host='search.ccgp.gov.cn', port=80): Read timed out. (read timeout=30)

  无新增标讯（已是最新）
[2026-05-28_18:00] CEBPub...
    · 文档资料管理服务竞争性磋商采购公告... ✓ PDF:112字
    · 永川中央大街监控服务项目-询比公告... ✓ PDF:112字
    · 中船天津船舶有限公司1#船坞400吨门式起重机配套设施改造工程项目招标公告... ✓ PDF:112字
    · 金属退火炉国际招标公告(2)... ✓ PDF:112字
    · 永川人民大道198号驾驶舱服务项目-询比公告... ✓ PDF:112字
[2026-05-28_18:00] === 完成 ===
[2026-05-28_20:00] === 快速爬取 ===
[2026-05-28_20:00] CCGP...
      ✓ 青海民族大学基本设施维护维修保障项目公开招标公告...
    · 详情: http://www.ccgp.gov.cn/cggg/dfgg/gkzb/202605/t20260528_26650572.htm
      ✓ 西安医学院第一附属医院复合超声关节炎治疗仪等一批设备购置安装及售后服务项目(二次...
    · 详情: http://www.ccgp.gov.cn/cggg/dfgg/gkzb/202605/t20260528_26650568.htm
      ✓ 海北州第三高级中学教育数字化建设项目的公开招标公告...
[2026-05-28_20:00] CEBPub...
  ✓ 写入 1766 条标讯 → /home/hermes/projects/bidding-site/data/bids.json
    · 2026年中国联通内蒙古包头分公司生产用车购置项目询比采购公告... ✓ PDF:112字
    · 2026年换电柜电力负荷集中控制方案研究项目委托研发及专利代理（非风险代理）服务采购项目公开询比（比... ✓ PDF:112字
    · 2026年中国铁塔（天津）科技创新中心无人机智能巡检技术体系研究委托研发项目公开询比（比选）公告... ✓ PDF:112字
    · 铁塔能源有限公司天津市分公司2026年市政路灯备电试点采购项目公开询比（比选）公告... ✓ PDF:112字
[2026-05-28_20:00] === 完成 ===
[2026-05-28_22:00] === 快速爬取 ===
[2026-05-28_22:00] CCGP...
      ✓ 文山边境管理支队关于文山边境管理支队执勤设施采购项目的竞争性谈判公告...
    · 详情: http://www.ccgp.gov.cn/cggg/dfgg/gzgg/202605/t20260528_26650739.htm
      ✓ 河南省生态环境监测和安全中心丹江口水库水华监测预警能力建设项目-更正公告...
    · 详情: http://www.ccgp.gov.cn/cggg/zygg/gzgg/202605/t20260528_26650717.htm
      ✓ 天津大学教务处本科招生办公室“2026年学院及专业介绍”宣传册印刷供应商入围项目...
[2026-05-28_22:00] CEBPub...
  ✓ 写入 1816 条标讯 → /home/hermes/projects/bidding-site/data/bids.json
    · 贵州电网有限责任公司服务类2026-2028年电力科学研究院督查实施管理外委项目公开招标招标公告... ✓ PDF:112字
    · 中国烟草总公司郑州烟草研究院诉讼等法律专项服务供应商库-公开招标公告... ✓ PDF:112字
    · 中电鸿信信息科技有限公司2026年(EJSCGXQ202604290040)项目（宿迁DICT）（第... ✓ PDF:112字
    · 赣州电信分公司GZICT-2026088-JF数转服务项目重新询比公告... ✓ PDF:112字
[2026-05-28_22:00] === 完成 ===
[2026-05-29_00:00] === 快速爬取 ===
[2026-05-29_00:00] CCGP...
  搜索第 1 页...
  → 发现 0 条结果
  → 无更多结果

  无新增标讯（已是最新）
[2026-05-29_00:00] CEBPub...
    · 中国电信股份有限公司成都分公司2026年7-10月过渡期装维服务外包项目标包6公开招标公告... ✓ PDF:112字
    · 中国电信永州分公司2026-2028年本部车辆维修采购项目询比公告... ✓ PDF:112字
  ✓ 写入 1866 条标讯 → /home/hermes/projects/bidding-site/data/bids.json
    · 中国工商银行股份有限公司横琴粤澳深度合作区分行装修项目招标公告... ✓ PDF:112字
    · 菏泽华瑞面业有限公司现代粮食物流中心智能化成品粮设备采购安装项目公开招标公告... ✓ PDF:112字
[2026-05-29_00:00] === 完成 ===
[2026-05-29_02:00] === 快速爬取 ===
[2026-05-29_02:00] CCGP...

  搜索第 9 页...
  → 发现 15 条结果

  搜索第 10 页...
[2026-05-29_02:00] CEBPub...
    · 【华能广东公司海电公司2026年T10、11、12转运站落料管升级改造工程】招标公告... ✓ PDF:112字
    · 2026年-2028年中国电信粤港澳大湾区一体化数据中心（韶塘园区）1.1期土建及机电项目可行性研究... ✓ PDF:112字
    · 2026年广东产互中试基地东莞AI+智能耳机新建工程（重新招标） 招标公告... ✓ PDF:112字
    · 【四川建安工业有限责任公司C673-7后摆臂生产线采购项目】招标公告... ✓ PDF:112字
    · 【四川建安工业有限责任公司C390S-P前副车架焊接生产线采购项目】招标公告... ✓ PDF:112字
[2026-05-29_02:00] === 完成 ===
[2026-05-29_04:00] === 快速爬取 ===
[2026-05-29_04:00] CCGP...
  搜索第 17 页...
  → 发现 15 条结果

  搜索第 18 页...
  → 发现 15 条结果
[2026-05-29_04:00] CEBPub...
    · 【华置物产服务（北京）有限公司40号院征收咨询服务】招标公告... ✓ PDF:112字
    · 【华能广东公司海电公司2026年T10、11、12转运站落料管升级改造工程】招标公告... ✓ PDF:112字
    · 2026年-2028年中国电信粤港澳大湾区一体化数据中心（韶塘园区）1.1期土建及机电项目可行性研究... ✓ PDF:112字
    · 2026年广东产互中试基地东莞AI+智能耳机新建工程（重新招标） 招标公告... ✓ PDF:112字
    · 【四川建安工业有限责任公司C673-7后摆臂生产线采购项目】招标公告... ✓ PDF:112字
[2026-05-29_04:00] === 完成 ===
[2026-05-29_06:00] === 快速爬取 ===
[2026-05-29_06:00] CCGP...
  搜索第 13 页...
  → 发现 18 条结果

  搜索第 14 页...
  → 发现 18 条结果
[2026-05-29_06:00] CEBPub...
  ✓ 写入 2465 条标讯 → /home/hermes/projects/bidding-site/data/bids.json
    · 2026年“数据要素×”大赛黑龙江分赛承办项目-竞争性磋商公告... ✓ PDF:112字
    · 【华置物产服务（北京）有限公司40号院征收咨询服务】招标公告... ✓ PDF:112字
    · 【华能广东公司海电公司2026年T10、11、12转运站落料管升级改造工程】招标公告... ✓ PDF:112字
    · 2026年-2028年中国电信粤港澳大湾区一体化数据中心（韶塘园区）1.1期土建及机电项目可行性研究... ✓ PDF:112字
[2026-05-29_06:00] === 完成 ===
[2026-05-29_08:00] === 快速爬取 ===
[2026-05-29_08:00] CCGP...
  搜索第 10 页...
  → 发现 1 条结果

  搜索第 11 页...
  → 发现 1 条结果
[2026-05-29_08:00] CEBPub...
    · 阳光采购-公开遴选-YG2026-109 厦门市“数实融合”人工智能产业赋能基础设施扩建项目联合建设... ✓ PDF:112字
    · 地基增强系统高精度产品测试招标公告... ✓ PDF:112字
    · 2026年西藏电信云网运营部长途资源系统维保技术服务项目直接采购公示... ✓ PDF:112字
    · 中国电信股份有限公司湘潭分公司2026-2027年公众责任险项目询比公告... ✓ PDF:112字
    · 中央绿谷第一批驿站建筑装修改造项目... ✓ PDF:112字
[2026-05-29_08:00] === 完成 ===
[2026-05-29_10:00] === 快速爬取 ===
[2026-05-29_10:00] CCGP...
  File "/home/hermes/projects/bidding-site/scripts/spider_ccgp.py", line 671, in main
    good_urls = {md5(b["sourceUrl"]) for b in existing_bids if is_good_content(b.get("content", ""))}
  File "/home/hermes/projects/bidding-site/scripts/spider_ccgp.py", line 671, in <setcomp>
    good_urls = {md5(b["sourceUrl"]) for b in existing_bids if is_good_content(b.get("content", ""))}
KeyError: 'sourceUrl'
[2026-05-29_10:00] CEBPub...
    · S220平日线修复养护工程保险采购项目招标公告... ✓ PDF:112字
    · 2026年中国电信石狮分公司石狮某公司停车智能化服务项目（JFY）询比结果公示... ✓ PDF:112字
    · （谈判采购）【制造一部4#硫化厂房机模硫化机更新搬迁项目-设计采购申请/7043-PS2026052... ✓ PDF:112字
    · （询比采购）【六月份配电箱采购/5556-PS202605281028】采购公告... ✓ PDF:112字
  ✓ 写入 2515 条标讯 → /home/hermes/projects/bidding-site/data/bids.json
[2026-05-29_10:00] === 完成 ===
[2026-05-29_12:00] === 快速爬取 ===
[2026-05-29_12:00] CCGP...
      ✓ 山东省滨州市邹平市审计局2026年度审计服务项目更正公告（第一次）...
    · 详情: http://www.ccgp.gov.cn/cggg/dfgg/zbgg/202605/t20260529_26652752.htm
      ✓ 2026年烟台市牟平区粮油绿色高产高效行动项目化肥采购成交公告...
    · 详情: http://www.ccgp.gov.cn/cggg/dfgg/zbgg/202605/t20260529_26652754.htm
      ✓ 济宁市大数据局省运指挥中心无线WIFI 服务项目成交结果公告...
[2026-05-29_12:00] CEBPub...
    · 费尔干纳能源110千伏上网线路工程勘察、设计及报规服务招标公告... ✓ PDF:112字
    · 光大环保能源西安区域汝州项目公司常规检测服务招标公告... ✓ PDF:112字
    · 光大绿色环保危废处置（临沭）有限公司食堂食材配送服务采购招标公告... ✓ PDF:112字
    · 广东粤电靖海发电有限公司2026年度硫化材料备品采购 招标公告... ✓ PDF:112字
    · 光大环保能源（宜兴）有限公司、光大环保餐厨处理（宜兴）有限公司2026-2029年食堂食材配送服务招... ✓ PDF:112字
[2026-05-29_12:00] === 完成 ===
[2026-05-29_14:00] === 快速爬取 ===
[2026-05-29_14:00] CCGP...
      ✓ 复旦大学附属儿科医院互联网医院及智慧服务项目国内公开招标采购中标结果公告...
    · 详情: http://www.ccgp.gov.cn/cggg/dfgg/gkzb/202605/t20260529_26653221.htm
      ✓ 广西业隆工程管理服务有限公司关于百色市田阳区电子政务外网四期项目的公开招标公告...
    · 详情: http://www.ccgp.gov.cn/cggg/dfgg/jzxtpgg/202605/t20260529_26653217.htm
      ✓ 江西新联招标咨询有限公司关于江西省信丰县花园小学双面攀石墙项目（项目编号：JXX...
[2026-05-29_14:00] CEBPub...
    · 中国邮政集团有限公司江苏省分公司2026-2027年江苏省国际商业渠道入围项目招标公告... ✓ PDF:112字
    · 中国电信北京公司2026年某客户运营服务集中公开询比项目（第三次）询比公告... ✓ PDF:112字
    · 中债信用增进投资股份有限公司天盟塑料诉讼项目委托代理服务采购项目招标公告... ✓ PDF:112字
    · 2026年麻绳采购(二次)公开招选公告... ✓ PDF:112字
  ✓ 写入 2615 条标讯 → /home/hermes/projects/bidding-site/data/bids.json
[2026-05-29_14:00] === 完成 ===
[2026-05-29_16:00] === 快速爬取 ===
[2026-05-29_16:00] CCGP...
      ✓ 宁波高专建设监理有限公司关于贝时璋学校东侧永农地块环境整治工程废标公告...
    · 详情: http://www.ccgp.gov.cn/cggg/zygg/jzxcs/202605/t20260529_26654631.htm
      ✓ 南通市消防救援支队全媒体中心改造项目竞争性磋商公告...
    · 详情: http://www.ccgp.gov.cn/cggg/dfgg/gzgg/202605/t20260529_26654706.htm
      ✓ 石门高级中学扩建工程项目-厨房设备采购更正公告（第一次）...
[2026-05-29_16:00] CEBPub...
    · 上海核工院核能工程监督管理数据驾驶舱系统开发服务项目招标公告... ✓ PDF:112字
    · 贵州省烟草公司贵阳市公司2026年烟叶运输服务采购项目-公开招标公告... ✓ PDF:112字
    · 山东烟台烟草有限公司舆情监测管理服务2026-2028采购项目-竞争谈判公告... ✓ PDF:112字
    · 共青城市垃圾分类处置及配套建设项目混凝土采购招标公告... ✓ PDF:112字
    · 兖矿鲁南化工有限公司高浓度含酸废水除磷技术研究与开发公开招标招标公告... ✓ PDF:112字
[2026-05-29_16:00] === 完成 ===
[2026-05-29_18:00] === 快速爬取 ===
[2026-05-29_18:00] CCGP...
      ✓ 宁武县2025年度国土变更调查及2026年国土日常变更技术服务项目的更正公告...
    · 详情: http://www.ccgp.gov.cn/cggg/dfgg/qtgg/202605/t20260529_26657328.htm
      ✓ 云城区南盛镇人民政府饭堂食材配送失败公告...
    · 详情: http://www.ccgp.gov.cn/cggg/dfgg/cjgg/202605/t20260529_26657313.htm
      ✓ 息县农业农村局秸杆机械粉碎深耕还田项目-成交公告...
[2026-05-29_18:00] CEBPub...
    · 中国电信四平分公司2026年物业服务采购项目询比公告... ✓ PDF:112字
    · 中国电信股份有限公司苏州分公司新区数字化集成项26046714686865824902招标公告... ✓ PDF:112字
    · 2026年中国电信桂林分公司恭城县某产业园一期项目（第二次）询比公告... ✓ PDF:112字
    · 2026年中国电信贺州分公司八步区智慧生态防护林监控系统集成服务采购项目询比公告... ✓ PDF:112字
    · 安徽医科大学第一附属医院2026年试剂采购及服务（第一批）招标公告... ✓ PDF:112字
[2026-05-29_18:00] === 完成 ===
[2026-05-29_20:00] === 快速爬取 ===
[2026-05-29_20:00] CCGP...
      ✓ 鄂托克前旗卫生健康委员会鄂托克前旗医疗设备采购项目中标（成交）结果公告...
    · 详情: http://www.ccgp.gov.cn/cggg/dfgg/jzxcs/202605/t20260529_26658167.htm
      ✓ 旧州镇联丰村和美乡村建设项目竞争性磋商公告...
    · 详情: http://www.ccgp.gov.cn/cggg/dfgg/jzxcs/202605/t20260529_26658170.htm
      ✓ 云南省生态环境厅云南省省级空气自动站管理平台运维2026年度项目竞争性磋商公告...
[2026-05-29_20:00] CEBPub...
  ✓ 写入 2665 条标讯 → /home/hermes/projects/bidding-site/data/bids.json
    · 海泰华科七路（海泰北道-海泰华科五路）中水工程下游管道主材询比公告... ✓ PDF:112字
    · 翠汇道（香川路-丰川路）中水管道工程下游管道主材采购询比公告... ✓ PDF:112字
    · 海泰华科七路（海泰北道-海泰华科五路）中水工程下游扩大劳务采购询比公告... ✓ PDF:112字
    · 翠汇道（香川路-丰川路）中水管道工程下游扩大劳务采购询比公告... ✓ PDF:112字
[2026-05-29_20:00] === 完成 ===
[2026-05-29_22:00] === 快速爬取 ===
[2026-05-29_22:00] CCGP...
      ✓ 阳高东风高灌站保护修缮工程的采购公告...
    · 详情: http://www.ccgp.gov.cn/cggg/dfgg/jzxcs/202605/t20260529_26658417.htm
      ✓ 阳城县芹池中心敬老院提升改造项目的采购公告...
    · 详情: http://www.ccgp.gov.cn/cggg/dfgg/jzxcs/202605/t20260529_26658416.htm
      ✓ 湟中区基础设施补短板项目的竞争性磋商公告...
[2026-05-29_22:00] CEBPub...
  ✓ 写入 2715 条标讯 → /home/hermes/projects/bidding-site/data/bids.json
    · 新华网计算机设备采购项目公告... ✓ PDF:112字
    · 阳光采购-竞争性磋商-YG2026-107 思明区模数产业出海赋能中心项目造价评估服务-竞争性磋商公... ✓ PDF:112字
    · 2026年中国联通呼和基地新地块土方整理工程采购项目[JSZB-2026-13753]-招标公告... ✓ PDF:112字
    · 京杭运河与小清河航道连通工程勘察设计类、征地服务与报告编制类最高投标限价编制服务竞争性谈判公告... ✓ PDF:112字
[2026-05-29_22:00] === 完成 ===
[2026-05-30_00:00] === 快速爬取 ===
[2026-05-30_00:00] CCGP...
  搜索第 1 页...
  → 发现 0 条结果
  → 无更多结果

  无新增标讯（已是最新）
[2026-05-30_00:00] CEBPub...
    · 海南电网有限责任公司2026年第三批物资类专项公开招标项目招标公告... ✓ PDF:112字
    · 2026年中国电信股份有限公司三明分公司土建（装修）施工服务集中采购项目招标公告... ✓ PDF:112字
    · 天翼物联2026年安全充电及智慧梯控项目标段二... ✓ PDF:112字
  ✓ 写入 2036 条标讯 → /home/hermes/projects/bidding-site/data/bids.json
    · 永仁县锦星机动车安全技术检测有限公司机动车检验检测设备采购项目（二次）... ✓ PDF:112字
[2026-05-30_00:00] === 完成 ===
[2026-05-30_02:00] === 快速爬取 ===
[2026-05-30_02:00] CCGP...
  搜索第 1 页...
  → 发现 0 条结果
  → 无更多结果

  无新增标讯（已是最新）
[2026-05-30_02:00] CEBPub...
    · 中国电建水电九局西藏BDa水电站大坝土建及金属结构安装工程项目砂石分离机采购项目公开询比采购公告... ✓ PDF:112字
  ✓ 写入 1050 条标讯 → /home/hermes/projects/bidding-site/data/bids.json
    · 中国电信股份有限公司南充分公司2026年至2027年某局感知源（天网）建设项目招标公告... ✓ PDF:112字
    · 中国电建中国电建水电五局第五工程公司铜梁独立工矿区总承包部斗式提升机采购项目公开询比采购公告... ✓ PDF:112字
    · 中国电建山东电建三公司陕西枣矿红墩界煤电有限公司 #2机组C级检修项目项目陕西枣矿红墩界煤电有限公司... ✓ PDF:112字
[2026-05-30_02:00] === 完成 ===
[2026-05-30_04:00] === 快速爬取 ===
[2026-05-30_04:00] CCGP...
      ✓ 京山市人民医院新院区耳鼻喉科医疗设备采购项目中标结果公告...
    · 详情: http://www.ccgp.gov.cn/cggg/dfgg/gzgg/202605/t20260530_26659095.htm
      ✓ 哈尔滨市平房区住房和城乡建设局侵华日军第七三一部队宿舍区旧址部分房屋修缮项目(二...
    · 详情: http://www.ccgp.gov.cn/cggg/dfgg/gkzb/202605/t20260530_26659094.htm
      ✓ “社会·渝悦·婚姻”应用开发项目(CQS26C01163)公开招标公告...
[2026-05-30_04:00] CEBPub...
    · 中国电建水电四局华中公司内蒙古能源突泉县百万千瓦风储基地项目电力迁改工程分包采购项目公开询比采购公告... ✓ PDF:112字
    · 中国电建水电九局西藏BDa水电站大坝土建及金属结构安装工程项目砂石分离机采购项目公开询比采购公告... ✓ PDF:112字
  ✓ 写入 1100 条标讯 → /home/hermes/projects/bidding-site/data/bids.json
    · 中国电信股份有限公司南充分公司2026年至2027年某局感知源（天网）建设项目招标公告... ✓ PDF:112字
    · 中国电建中国电建水电五局第五工程公司铜梁独立工矿区总承包部斗式提升机采购项目公开询比采购公告... ✓ PDF:112字
[2026-05-30_04:00] === 完成 ===
[2026-05-30_06:00] === 快速爬取 ===
[2026-05-30_06:00] CCGP...
      ✓ 北京中医药大学深圳医院（龙岗）胃肠X射线机采购项目（A）招标公告...
    · 详情: http://www.ccgp.gov.cn/cggg/dfgg/dylygg/202605/t20260530_26659085.htm
      ✓ 上海市浦东新区三林镇城市运行管理中心2026年小区视频信号网络专线租赁及维护服务...
    · 详情: http://www.ccgp.gov.cn/cggg/dfgg/cjgg/202605/t20260530_26659097.htm
      ✓ 东北农业大学北区十七号学生宿舍项目造价咨询服务中标（成交）结果公告...
[2026-05-30_06:00] CEBPub...
    · 中国电信股份有限公司南充分公司2026年至2027年某局感知源（天网）建设项目招标公告... ✓ PDF:112字
    · 中国电建中国电建水电五局第五工程公司铜梁独立工矿区总承包部斗式提升机采购项目公开询比采购公告... ✓ PDF:112字
    · 中国电建山东电建三公司陕西枣矿红墩界煤电有限公司 #2机组C级检修项目项目陕西枣矿红墩界煤电有限公司... ✓ PDF:112字
    · 赤峰中色锌业有限公司2026年7—12月氧化锌浸出渣（铅银渣）公开销售招标公告... ✓ PDF:112字
    · 珠海市麒麟中学操场看台膜结构雨棚修缮工程——电子卖场定点议价单位资格遴选（二次）公告... ✓ PDF:112字
[2026-05-30_06:00] === 完成 ===
[2026-05-30_08:00] === 快速爬取 ===
[2026-05-30_08:00] CCGP...
      ✓ 海心剧院演出专用设备音罩采购的公开招标公告...
    · 详情: http://www.ccgp.gov.cn/cggg/dfgg/dylygg/202605/t20260530_26659085.htm
      ✓ 上海市浦东新区三林镇城市运行管理中心2026年小区视频信号网络专线租赁及维护服务...
    · 详情: http://www.ccgp.gov.cn/cggg/dfgg/qtgg/202605/t20260530_26659086.htm
      ✓ 京山市人民医院新院区耳鼻喉科医疗设备采购项目2包、3包、4包终止公告...
[2026-05-30_08:00] CEBPub...
  File "/home/hermes/projects/bidding-site/scripts/spider_cebpub.py", line 556, in crawl
    save_bids(interim)
  File "/home/hermes/projects/bidding-site/scripts/spider_cebpub.py", line 172, in save_bids
    with open(DATA_FILE, "w", encoding="utf-8") as f:
PermissionError: [Errno 13] Permission denied: '/home/hermes/projects/bidding-site/data/bids.json'
[2026-05-30_08:00] === 完成 ===
[2026-05-30_10:00] === 快速爬取 ===
[2026-05-30_10:00] CCGP...
      ✓ 宝山区淞南镇中心幼儿园保育员服务项目的采购公告更正公告...
    · 详情: http://www.ccgp.gov.cn/cggg/dfgg/jzxcs/202605/t20260530_26659136.htm
      ✓ 锡林浩特市公安局平安锡市运维服务项目竞争性磋商公告...
    · 详情: http://www.ccgp.gov.cn/cggg/dfgg/qtgg/202605/t20260530_26659143.htm
      ✓ 舟山博皓工程管理有限公司关于2026-2027年度普陀区农村生活污水处理设施运行...
[2026-05-30_10:00] CEBPub...
    · 中国电建山东电建三公司陕西枣矿红墩界煤电有限公司 #2机组C级检修项目项目陕西枣矿红墩界煤电有限公司... ✓ PDF:112字
    · 中国电建山东电建三公司陕西枣矿红墩界煤电有限公司 #2机组C级检修项目项目陕西枣矿红墩界煤电有限公司... ✓ PDF:112字
    · 中国电建水电九局西藏BDa水电站大坝土建及金属结构安装工程项目砂石分离机采购项目公开询比采购公告... ✓ PDF:112字
    · 中国电建水电四局第一分局河北灵寿抽水蓄能电站库内永久补水管线工程施工专业分包采购项目公开询比采购公告... ✓ PDF:112字
    · 中国电建水电四局青海贵南哇让抽水蓄能电站筹建期洞室及道路工程项目哇让抽蓄（筹建期）项目2#洞洞身衬砌... ✓ PDF:112字
[2026-05-30_10:00] === 完成 ===
[2026-05-30_12:00] === 快速爬取 ===
[2026-05-30_12:00] CCGP...
      ✓ 鄂尔多斯市东胜区环境卫生事业服务中心东南片区清扫保洁项目中标（成交）结果公告...
    · 详情: http://www.ccgp.gov.cn/cggg/dfgg/gzgg/202605/t20260530_26659283.htm
      ✓ 通辽市水务局2026年通辽市取用水监测计量能力提升重点项目采购更正公告（第二次）...
    · 详情: http://www.ccgp.gov.cn/cggg/dfgg/gkzb/202605/t20260530_26659290.htm
      ✓ 武汉市青山区住房和城市更新局2026年北湖名居空调采购公开招标公告...
[2026-05-30_12:00] CEBPub...
  File "/home/hermes/projects/bidding-site/scripts/spider_cebpub.py", line 556, in crawl
    save_bids(interim)
  File "/home/hermes/projects/bidding-site/scripts/spider_cebpub.py", line 172, in save_bids
    with open(DATA_FILE, "w", encoding="utf-8") as f:
PermissionError: [Errno 13] Permission denied: '/home/hermes/projects/bidding-site/data/bids.json'
[2026-05-30_12:00] === 完成 ===
[2026-05-30_14:00] === 快速爬取 ===
[2026-05-30_14:00] CCGP...
      ✓ 嘉兴市千秋工程咨询有限公司关于2026-2027年微型地表水水质自动站和石臼漾清...
    · 详情: http://www.ccgp.gov.cn/cggg/dfgg/zbgg/202605/t20260530_26659363.htm
      ✓ 新征程(杭州)招标代理有限公司关于注射泵工作站中标(成交)结果公告...
    · 详情: http://www.ccgp.gov.cn/cggg/dfgg/zbgg/202605/t20260530_26659382.htm
      ✓ 浙江华耀建设咨询有限公司关于浙江省公路与运输管理中心2026年公路交通情况调查设...
[2026-05-30_14:00] CEBPub...
    · 【华能煤业有限公司陕西矿业分公司青岗坪煤矿电气设备春季预防性试验服务项目】招标公告... ✓ PDF:112字
    · 中国移动浙江公司2026年至2027年杭州校园网覆盖建设物资采购项目_招标公告... ✓ PDF:112字
    · （询比采购）【低平板车倒运-2026.6/7156-PS202605300008】采购公告... ✓ PDF:112字
    · 中国电信股份有限公司宜春分公司2026年宜春市系统集成采购项目260508fc（第二次）公开询比... ✓ PDF:112字
    · 中国电信股份有限公司宜春分公司2026年宜春市系统集成项目260511T公开询比公告... ✓ PDF:112字
[2026-05-30_14:00] === 完成 ===
[2026-05-30_16:00] === 快速爬取 ===
[2026-05-30_16:00] CCGP...
      ✓ 克什克腾旗新开地乡人民政府2026年新开地乡新道梁村品牌建设-“四麦”即食产品深...
    · 详情: http://www.ccgp.gov.cn/cggg/dfgg/zbgg/202605/t20260530_26659584.htm
      ✓ 2026年职教专项资金护理系“四专业+三特色”一体化教学资源库建设项目中标(成交...
    · 详情: http://www.ccgp.gov.cn/cggg/dfgg/zbgg/202605/t20260530_26659585.htm
      ✓ 浙江首信工程项目管理有限公司关于新塘街道环境整治第三方服务采购项目中标(成交)结...
[2026-05-30_16:00] CEBPub...
  File "/home/hermes/projects/bidding-site/scripts/spider_cebpub.py", line 556, in crawl
    save_bids(interim)
  File "/home/hermes/projects/bidding-site/scripts/spider_cebpub.py", line 172, in save_bids
    with open(DATA_FILE, "w", encoding="utf-8") as f:
PermissionError: [Errno 13] Permission denied: '/home/hermes/projects/bidding-site/data/bids.json'
[2026-05-30_16:00] === 完成 ===
[2026-05-30_18:00] === 快速爬取 ===
[2026-05-30_18:00] CCGP...
      ✓ 温州众鑫招标代理有限公司关于温州交管支队2026年辅警制服中标(成交)结果公告...
    · 详情: http://www.ccgp.gov.cn/cggg/zygg/cjgg/202605/t20260530_26659973.htm
      ✓ 中国科学院武汉植物园中国-津巴布韦农业生态与经济作物“一带一路”联合实验室大数据...
    · 详情: http://www.ccgp.gov.cn/cggg/dfgg/gkzb/202605/t20260530_26659996.htm
      ✓ 温州医科大学附属第一医院转运床公开招标公告...
[2026-05-30_18:00] CEBPub...
    · 中国电建贵州工程公司黔西电厂黄猫坝灰场技改工程项目筑坝及防渗施工专业分包项目黔西电厂黄猫坝灰场技改工... ✓ PDF:112字
    · 中国电建贵州工程公司三峡能源黑龙江肇东200MW风电项目项目风机基础劳务分包采购采购项目公开谈判采购... ✓ PDF:112字
    · 中国电建贵州工程公司三峡能源黑龙江肇东200MW风电项目项目风机基础劳务分包采购采购项目公开谈判采购... ✓ PDF:112字
    · 中国电建电建核电公司泰安瑞恒中泰盐化项目建构筑物装饰装修采购项目公开询比采购公告... ✓ PDF:112字
    · 中国电建电建新能源公司电建新能源华北分公司集中采购项目中电建绛县经济开发区分布式光伏发电项目（一期、...[2026-05-30_18:00] === 完成 ===
[2026-05-30_20:00] === 快速爬取 ===
[2026-05-30_20:00] CCGP...
    · 详情: http://www.ccgp.gov.cn/cggg/dfgg/cjgg/202605/t20260530_26660115.htm
      ✓ 甘肃省省级政府采购智慧云平台运维服务中标（成交）结果公告...
    · 详情: http://www.ccgp.gov.cn/cggg/dfgg/gzgg/202605/t20260530_26660108.htm
      ✓ 安徽职业技术大学2026年笃志楼智慧教室建设项目第2包更正公告[2026]...
    · 详情: http://www.ccgp.gov.cn/cggg/dfgg/zbgg/202605/t20260530_26660110.htm
[2026-05-30_20:00] CEBPub...
  File "/home/hermes/projects/bidding-site/scripts/spider_cebpub.py", line 556, in crawl
    save_bids(interim)
  File "/home/hermes/projects/bidding-site/scripts/spider_cebpub.py", line 172, in save_bids
    with open(DATA_FILE, "w", encoding="utf-8") as f:
PermissionError: [Errno 13] Permission denied: '/home/hermes/projects/bidding-site/data/bids.json'
[2026-05-30_20:00] === 完成 ===
[2026-05-30_22:00] === 快速爬取 ===
[2026-05-30_22:00] CCGP...
      ✓ 2025年蚌埠医科大学教学及科研设备更新项目（生命科学学院设备更新）中标结果公告...
    · 详情: http://www.ccgp.gov.cn/cggg/dfgg/zbgg/202605/t20260530_26660168.htm
      ✓ 松阳县公共资源交易中心关于松阳县公务用车服务中心公务用车采购项目（第二次）中标(...
    · 详情: http://www.ccgp.gov.cn/cggg/dfgg/gkzb/202605/t20260530_26660173.htm
      ✓ 2026年安徽农业大学本科教学材化及动物学实验室建设设备采购项目第2包招标公告...
[2026-05-30_22:00] CEBPub...
  File "/home/hermes/projects/bidding-site/scripts/spider_cebpub.py", line 556, in crawl
    save_bids(interim)
  File "/home/hermes/projects/bidding-site/scripts/spider_cebpub.py", line 172, in save_bids
    with open(DATA_FILE, "w", encoding="utf-8") as f:
PermissionError: [Errno 13] Permission denied: '/home/hermes/projects/bidding-site/data/bids.json'
[2026-05-30_22:00] === 完成 ===
